2019-08-05 21:23:59,221 [Thread-6:11640] [account:53] [views:post] [DEBUG]- 用户注册结果：{'status': 402, 'msg': {'username': ['This field is required.'], 'mobile': ['This field is required.'], 'password': ['This field is required.'], 'password2': ['This field is required.'], 'mobile_captacha': ['This field is required.']}}
2019-08-05 21:24:11,282 [Thread-7:9248] [account:53] [views:post] [DEBUG]- 用户注册结果：{'status': 402, 'msg': {'username': ['This field is required.'], 'mobile': ['This field is required.'], 'password': ['This field is required.'], 'password2': ['This field is required.'], 'mobile_captacha': ['This field is required.']}}
2019-08-05 21:24:29,283 [Thread-8:13172] [account:53] [views:post] [DEBUG]- 用户注册结果：{'status': 402, 'msg': {'username': ['This field is required.'], 'mobile': ['This field is required.'], 'password': ['This field is required.'], 'password2': ['This field is required.'], 'mobile_captacha': ['This field is required.']}}
2019-08-05 21:25:33,410 [Thread-10:944] [account:53] [views:post] [DEBUG]- 用户注册结果：{'status': 402, 'msg': {'username': ['This field is required.'], 'mobile': ['This field is required.'], 'password': ['This field is required.'], 'password2': ['This field is required.'], 'mobile_captacha': ['This field is required.']}}
2019-08-05 21:31:22,533 [Thread-16:14088] [account:53] [views:post] [DEBUG]- 用户注册结果：{'status': 402, 'msg': {'username': ['This field is required.'], 'mobile': ['This field is required.'], 'password': ['This field is required.'], 'password2': ['This field is required.'], 'mobile_captacha': ['This field is required.']}}
2019-08-05 21:39:52,612 [Thread-18:12724] [account:53] [views:post] [DEBUG]- 用户注册结果：{'status': 402, 'msg': {'username': ['This field is required.'], 'mobile': ['This field is required.'], 'password': ['This field is required.'], 'password2': ['This field is required.'], 'mobile_captacha': ['This field is required.']}}
2019-08-05 21:42:55,107 [Thread-19:6212] [account:53] [views:post] [DEBUG]- 用户注册结果：{'status': 402, 'msg': {'username': ['This field is required.'], 'mobile': ['This field is required.'], 'password': ['This field is required.'], 'password2': ['This field is required.'], 'mobile_captacha': ['This field is required.']}}
2019-08-05 21:49:36,792 [Thread-4:9204] [account:53] [views:post] [DEBUG]- 用户注册结果：{'status': 402, 'msg': {'password': ['密码长度不能小于8'], '__all__': ['两次密码输入不一致']}}
2019-08-05 21:55:54,560 [Thread-4:924] [account:53] [views:post] [DEBUG]- 用户注册结果：{'status': 401, 'msg': '验证码错误或过期'}
2019-08-05 21:58:11,745 [Thread-9:3820] [account:39] [views:post] [DEBUG]- 新用户asdf注册成功！
2019-08-05 21:58:12,235 [Thread-9:3820] [account:43] [views:post] [DEBUG]- 新用户asdf登录成功
2019-08-05 21:58:12,236 [Thread-9:3820] [account:53] [views:post] [DEBUG]- 用户注册结果：{'status': 200, 'msg': '注册成功'}
2019-08-06 10:38:08,577 [Thread-19:12016] [account:53] [views:post] [DEBUG]- 用户注册结果：{'status': 402, 'msg': {'password': ['密码不能全是数字'], '__all__': ['两次密码输入不一致']}}
2019-08-06 10:38:19,056 [Thread-20:4424] [account:39] [views:post] [DEBUG]- 新用户chenhui注册成功！
2019-08-06 10:38:19,467 [Thread-20:4424] [account:43] [views:post] [DEBUG]- 新用户chenhui登录成功
2019-08-06 10:38:19,467 [Thread-20:4424] [account:53] [views:post] [DEBUG]- 用户注册结果：{'status': 200, 'msg': '注册成功'}
2019-08-06 18:49:52,927 [Thread-52:16080] [account:39] [views:post] [DEBUG]- 新用户liaoying注册成功！
2019-08-06 18:49:53,254 [Thread-52:16080] [account:43] [views:post] [DEBUG]- 新用户liaoying登录成功
2019-08-06 18:49:53,254 [Thread-52:16080] [account:53] [views:post] [DEBUG]- 用户注册结果：{'status': 200, 'msg': '注册成功'}
2019-08-06 20:40:34,501 [Thread-70:2576] [account:37] [views:post] [DEBUG]- 新用户oyyj注册成功！
2019-08-06 20:40:35,064 [Thread-70:2576] [account:41] [views:post] [DEBUG]- 新用户oyyj登录成功
2019-08-06 20:40:35,064 [Thread-70:2576] [account:51] [views:post] [DEBUG]- 用户注册结果：{'status': 200, 'msg': '注册成功'}
2019-08-06 20:51:00,998 [Thread-140:10940] [account:76] [views:post] [INFO]- oyyj登录成功
2019-08-06 20:51:46,377 [Thread-152:5876] [account:76] [views:post] [INFO]- oyyj登录成功
2019-08-06 20:59:03,032 [Thread-19:13524] [account:76] [views:post] [INFO]- oyyj登录成功
2019-08-06 20:59:53,247 [Thread-28:7824] [account:76] [views:post] [INFO]- oyyj登录成功
2019-08-06 21:35:36,788 [Thread-13:11132] [account:76] [views:post] [INFO]- oyyj登录成功
2019-08-06 22:22:16,798 [Thread-8:12992] [account:51] [views:post] [DEBUG]- 用户注册结果：{'status': 402, 'msg': {'username': ['This field is required.'], 'mobile': ['This field is required.'], 'password': ['This field is required.'], 'password2': ['This field is required.'], 'mobile_captcha': ['This field is required.']}}
2019-08-06 22:25:06,229 [Thread-17:15500] [account:80] [views:post] [ERROR]- oyyj登录失败, 用户名或密码错误
2019-08-06 22:25:16,707 [Thread-21:8620] [account:80] [views:post] [ERROR]- oyyj登录失败, 用户名或密码错误
2019-08-06 22:25:31,994 [Thread-24:14912] [account:80] [views:post] [ERROR]- oyyj登录失败, 用户名或密码错误
2019-08-06 22:25:39,745 [Thread-26:8936] [account:80] [views:post] [ERROR]- oyyj登录失败, 用户名或密码错误
2019-08-06 22:25:59,913 [Thread-31:5924] [account:80] [views:post] [ERROR]- oyyj登录失败, 用户名或密码错误
2019-08-06 22:29:41,662 [Thread-6:11252] [account:80] [views:post] [ERROR]- oyyj登录失败, 用户名或密码错误
2019-08-06 22:29:57,942 [Thread-12:9184] [account:76] [views:post] [INFO]- oyyj登录成功
2019-08-06 22:30:34,793 [Thread-23:3228] [account:76] [views:post] [INFO]- oyyj登录成功
2019-08-06 22:35:28,009 [Thread-37:15580] [account:76] [views:post] [INFO]- oyyj登录成功
2019-08-07 00:31:38,500 [Thread-7:10476] [account:97] [views:post] [DEBUG]- 用户注册结果：{'status': 400, 'msg': '调用方式错误'}
2019-08-07 00:31:53,377 [Thread-10:15708] [account:97] [views:post] [DEBUG]- 用户注册结果：{'status': 400, 'msg': '调用方式错误'}
2019-08-07 15:32:04,076 [Thread-7:116] [account:76] [views:post] [INFO]- oyyj登录成功
2019-08-07 15:34:30,054 [Thread-11:3232] [account:74] [views:post] [DEBUG]- 登录提交验证码:fdsf-5mYc
2019-08-07 15:34:47,437 [Thread-15:12816] [account:74] [views:post] [DEBUG]- 登录提交验证码:5myc-5mYc
2019-08-07 15:34:47,936 [Thread-15:12816] [account:81] [views:post] [INFO]- oyyj登录成功
2019-08-07 15:35:34,467 [Thread-24:12160] [account:74] [views:post] [DEBUG]- 登录提交验证码:afda-Ahmf
2019-08-07 21:47:39,473 [Thread-39:9416] [account:74] [views:post] [DEBUG]- 登录提交验证码:sdf-47jJ
2019-08-07 21:47:54,888 [Thread-42:7364] [account:74] [views:post] [DEBUG]- 登录提交验证码:sdf-47jJ
2019-08-07 21:48:03,568 [Thread-43:14072] [account:74] [views:post] [DEBUG]- 登录提交验证码:47jj-47jJ
2019-08-07 21:48:03,675 [Thread-43:14072] [account:85] [views:post] [ERROR]- oyyj登录失败, 用户名或密码错误
2019-08-07 21:48:15,061 [Thread-46:9776] [account:74] [views:post] [DEBUG]- 登录提交验证码:47jj-7Nst
2019-08-07 21:48:26,732 [Thread-48:5212] [account:74] [views:post] [DEBUG]- 登录提交验证码:7Nst-7Nst
2019-08-07 21:48:26,810 [Thread-48:5212] [account:85] [views:post] [ERROR]- oyyj登录失败, 用户名或密码错误
2019-08-07 21:49:00,234 [Thread-56:8544] [account:74] [views:post] [DEBUG]- 登录提交验证码:9yGm-9yGm
2019-08-07 21:49:00,297 [Thread-56:8544] [account:85] [views:post] [ERROR]- oyyj登录失败, 用户名或密码错误
2019-08-07 21:49:07,084 [Thread-59:16976] [account:74] [views:post] [DEBUG]- 登录提交验证码:9yGm-QcBf
2019-08-07 22:15:56,871 [Thread-63:12896] [account:51] [views:post] [DEBUG]- 用户注册结果：{'status': 402, 'msg': {'username': ['This field is required.'], 'mobile': ['This field is required.'], 'password': ['This field is required.'], 'password2': ['This field is required.'], 'mobile_captcha': ['This field is required.']}}
2019-08-07 22:15:57,701 [Thread-66:4556] [account:51] [views:post] [DEBUG]- 用户注册结果：{'status': 402, 'msg': {'username': ['This field is required.'], 'mobile': ['This field is required.'], 'password': ['This field is required.'], 'password2': ['This field is required.'], 'mobile_captcha': ['This field is required.']}}
2019-08-07 22:15:57,899 [Thread-67:14752] [account:51] [views:post] [DEBUG]- 用户注册结果：{'status': 402, 'msg': {'username': ['This field is required.'], 'mobile': ['This field is required.'], 'password': ['This field is required.'], 'password2': ['This field is required.'], 'mobile_captcha': ['This field is required.']}}
2019-08-07 22:15:58,075 [Thread-68:9156] [account:51] [views:post] [DEBUG]- 用户注册结果：{'status': 402, 'msg': {'username': ['This field is required.'], 'mobile': ['This field is required.'], 'password': ['This field is required.'], 'password2': ['This field is required.'], 'mobile_captcha': ['This field is required.']}}
2019-08-07 22:15:58,225 [Thread-69:14144] [account:51] [views:post] [DEBUG]- 用户注册结果：{'status': 402, 'msg': {'username': ['This field is required.'], 'mobile': ['This field is required.'], 'password': ['This field is required.'], 'password2': ['This field is required.'], 'mobile_captcha': ['This field is required.']}}
2019-08-07 22:15:58,378 [Thread-70:10572] [account:51] [views:post] [DEBUG]- 用户注册结果：{'status': 402, 'msg': {'username': ['This field is required.'], 'mobile': ['This field is required.'], 'password': ['This field is required.'], 'password2': ['This field is required.'], 'mobile_captcha': ['This field is required.']}}
2019-08-07 22:15:58,686 [Thread-71:6980] [account:51] [views:post] [DEBUG]- 用户注册结果：{'status': 402, 'msg': {'username': ['This field is required.'], 'mobile': ['This field is required.'], 'password': ['This field is required.'], 'password2': ['This field is required.'], 'mobile_captcha': ['This field is required.']}}
2019-08-07 22:15:58,907 [Thread-72:15012] [account:51] [views:post] [DEBUG]- 用户注册结果：{'status': 402, 'msg': {'username': ['This field is required.'], 'mobile': ['This field is required.'], 'password': ['This field is required.'], 'password2': ['This field is required.'], 'mobile_captcha': ['This field is required.']}}
2019-08-07 22:15:59,081 [Thread-73:4404] [account:51] [views:post] [DEBUG]- 用户注册结果：{'status': 402, 'msg': {'username': ['This field is required.'], 'mobile': ['This field is required.'], 'password': ['This field is required.'], 'password2': ['This field is required.'], 'mobile_captcha': ['This field is required.']}}
2019-08-07 22:15:59,211 [Thread-74:13924] [account:51] [views:post] [DEBUG]- 用户注册结果：{'status': 402, 'msg': {'username': ['This field is required.'], 'mobile': ['This field is required.'], 'password': ['This field is required.'], 'password2': ['This field is required.'], 'mobile_captcha': ['This field is required.']}}
2019-08-07 22:15:59,626 [Thread-75:1304] [account:51] [views:post] [DEBUG]- 用户注册结果：{'status': 402, 'msg': {'username': ['This field is required.'], 'mobile': ['This field is required.'], 'password': ['This field is required.'], 'password2': ['This field is required.'], 'mobile_captcha': ['This field is required.']}}
2019-08-07 22:15:59,805 [Thread-76:7676] [account:51] [views:post] [DEBUG]- 用户注册结果：{'status': 402, 'msg': {'username': ['This field is required.'], 'mobile': ['This field is required.'], 'password': ['This field is required.'], 'password2': ['This field is required.'], 'mobile_captcha': ['This field is required.']}}
2019-08-07 22:15:59,986 [Thread-77:15176] [account:51] [views:post] [DEBUG]- 用户注册结果：{'status': 402, 'msg': {'username': ['This field is required.'], 'mobile': ['This field is required.'], 'password': ['This field is required.'], 'password2': ['This field is required.'], 'mobile_captcha': ['This field is required.']}}
2019-08-07 22:16:00,171 [Thread-78:15904] [account:51] [views:post] [DEBUG]- 用户注册结果：{'status': 402, 'msg': {'username': ['This field is required.'], 'mobile': ['This field is required.'], 'password': ['This field is required.'], 'password2': ['This field is required.'], 'mobile_captcha': ['This field is required.']}}
2019-08-07 22:16:00,403 [Thread-79:17060] [account:51] [views:post] [DEBUG]- 用户注册结果：{'status': 402, 'msg': {'username': ['This field is required.'], 'mobile': ['This field is required.'], 'password': ['This field is required.'], 'password2': ['This field is required.'], 'mobile_captcha': ['This field is required.']}}
2019-08-07 22:16:00,518 [Thread-80:10188] [account:51] [views:post] [DEBUG]- 用户注册结果：{'status': 402, 'msg': {'username': ['This field is required.'], 'mobile': ['This field is required.'], 'password': ['This field is required.'], 'password2': ['This field is required.'], 'mobile_captcha': ['This field is required.']}}
2019-08-07 22:16:00,707 [Thread-81:11996] [account:51] [views:post] [DEBUG]- 用户注册结果：{'status': 402, 'msg': {'username': ['This field is required.'], 'mobile': ['This field is required.'], 'password': ['This field is required.'], 'password2': ['This field is required.'], 'mobile_captcha': ['This field is required.']}}
2019-08-07 22:16:00,826 [Thread-82:9616] [account:51] [views:post] [DEBUG]- 用户注册结果：{'status': 402, 'msg': {'username': ['This field is required.'], 'mobile': ['This field is required.'], 'password': ['This field is required.'], 'password2': ['This field is required.'], 'mobile_captcha': ['This field is required.']}}
2019-08-07 22:16:01,094 [Thread-83:12800] [account:51] [views:post] [DEBUG]- 用户注册结果：{'status': 402, 'msg': {'username': ['This field is required.'], 'mobile': ['This field is required.'], 'password': ['This field is required.'], 'password2': ['This field is required.'], 'mobile_captcha': ['This field is required.']}}
2019-08-07 22:16:01,241 [Thread-84:8340] [account:51] [views:post] [DEBUG]- 用户注册结果：{'status': 402, 'msg': {'username': ['This field is required.'], 'mobile': ['This field is required.'], 'password': ['This field is required.'], 'password2': ['This field is required.'], 'mobile_captcha': ['This field is required.']}}
2019-08-07 22:16:01,403 [Thread-85:11716] [account:51] [views:post] [DEBUG]- 用户注册结果：{'status': 402, 'msg': {'username': ['This field is required.'], 'mobile': ['This field is required.'], 'password': ['This field is required.'], 'password2': ['This field is required.'], 'mobile_captcha': ['This field is required.']}}
2019-08-07 22:16:01,750 [Thread-86:5920] [account:51] [views:post] [DEBUG]- 用户注册结果：{'status': 402, 'msg': {'username': ['This field is required.'], 'mobile': ['This field is required.'], 'password': ['This field is required.'], 'password2': ['This field is required.'], 'mobile_captcha': ['This field is required.']}}
2019-08-07 22:16:01,946 [Thread-87:17032] [account:51] [views:post] [DEBUG]- 用户注册结果：{'status': 402, 'msg': {'username': ['This field is required.'], 'mobile': ['This field is required.'], 'password': ['This field is required.'], 'password2': ['This field is required.'], 'mobile_captcha': ['This field is required.']}}
2019-08-07 22:16:02,096 [Thread-88:5620] [account:51] [views:post] [DEBUG]- 用户注册结果：{'status': 402, 'msg': {'username': ['This field is required.'], 'mobile': ['This field is required.'], 'password': ['This field is required.'], 'password2': ['This field is required.'], 'mobile_captcha': ['This field is required.']}}
2019-08-07 22:16:02,252 [Thread-89:16756] [account:51] [views:post] [DEBUG]- 用户注册结果：{'status': 402, 'msg': {'username': ['This field is required.'], 'mobile': ['This field is required.'], 'password': ['This field is required.'], 'password2': ['This field is required.'], 'mobile_captcha': ['This field is required.']}}
2019-08-07 22:16:02,424 [Thread-90:15204] [account:51] [views:post] [DEBUG]- 用户注册结果：{'status': 402, 'msg': {'username': ['This field is required.'], 'mobile': ['This field is required.'], 'password': ['This field is required.'], 'password2': ['This field is required.'], 'mobile_captcha': ['This field is required.']}}
2019-08-07 22:16:02,578 [Thread-91:6428] [account:51] [views:post] [DEBUG]- 用户注册结果：{'status': 402, 'msg': {'username': ['This field is required.'], 'mobile': ['This field is required.'], 'password': ['This field is required.'], 'password2': ['This field is required.'], 'mobile_captcha': ['This field is required.']}}
2019-08-07 22:16:02,778 [Thread-92:17304] [account:51] [views:post] [DEBUG]- 用户注册结果：{'status': 402, 'msg': {'username': ['This field is required.'], 'mobile': ['This field is required.'], 'password': ['This field is required.'], 'password2': ['This field is required.'], 'mobile_captcha': ['This field is required.']}}
2019-08-07 22:16:02,972 [Thread-93:13456] [account:51] [views:post] [DEBUG]- 用户注册结果：{'status': 402, 'msg': {'username': ['This field is required.'], 'mobile': ['This field is required.'], 'password': ['This field is required.'], 'password2': ['This field is required.'], 'mobile_captcha': ['This field is required.']}}
2019-08-07 22:16:03,130 [Thread-94:14700] [account:51] [views:post] [DEBUG]- 用户注册结果：{'status': 402, 'msg': {'username': ['This field is required.'], 'mobile': ['This field is required.'], 'password': ['This field is required.'], 'password2': ['This field is required.'], 'mobile_captcha': ['This field is required.']}}
2019-08-07 22:16:03,320 [Thread-95:16064] [account:51] [views:post] [DEBUG]- 用户注册结果：{'status': 402, 'msg': {'username': ['This field is required.'], 'mobile': ['This field is required.'], 'password': ['This field is required.'], 'password2': ['This field is required.'], 'mobile_captcha': ['This field is required.']}}
2019-08-07 22:16:03,482 [Thread-96:16572] [account:51] [views:post] [DEBUG]- 用户注册结果：{'status': 402, 'msg': {'username': ['This field is required.'], 'mobile': ['This field is required.'], 'password': ['This field is required.'], 'password2': ['This field is required.'], 'mobile_captcha': ['This field is required.']}}
2019-08-07 22:16:03,660 [Thread-97:9132] [account:51] [views:post] [DEBUG]- 用户注册结果：{'status': 402, 'msg': {'username': ['This field is required.'], 'mobile': ['This field is required.'], 'password': ['This field is required.'], 'password2': ['This field is required.'], 'mobile_captcha': ['This field is required.']}}
2019-08-07 22:16:06,062 [Thread-98:14640] [account:51] [views:post] [DEBUG]- 用户注册结果：{'status': 402, 'msg': {'username': ['This field is required.'], 'mobile': ['This field is required.'], 'password': ['This field is required.'], 'password2': ['This field is required.'], 'mobile_captcha': ['This field is required.']}}
2019-08-07 22:16:06,250 [Thread-99:3912] [account:51] [views:post] [DEBUG]- 用户注册结果：{'status': 402, 'msg': {'username': ['This field is required.'], 'mobile': ['This field is required.'], 'password': ['This field is required.'], 'password2': ['This field is required.'], 'mobile_captcha': ['This field is required.']}}
2019-08-07 22:16:06,410 [Thread-100:12740] [account:51] [views:post] [DEBUG]- 用户注册结果：{'status': 402, 'msg': {'username': ['This field is required.'], 'mobile': ['This field is required.'], 'password': ['This field is required.'], 'password2': ['This field is required.'], 'mobile_captcha': ['This field is required.']}}
2019-08-07 22:16:06,569 [Thread-101:9120] [account:51] [views:post] [DEBUG]- 用户注册结果：{'status': 402, 'msg': {'username': ['This field is required.'], 'mobile': ['This field is required.'], 'password': ['This field is required.'], 'password2': ['This field is required.'], 'mobile_captcha': ['This field is required.']}}
2019-08-07 22:16:06,696 [Thread-102:4352] [account:51] [views:post] [DEBUG]- 用户注册结果：{'status': 402, 'msg': {'username': ['This field is required.'], 'mobile': ['This field is required.'], 'password': ['This field is required.'], 'password2': ['This field is required.'], 'mobile_captcha': ['This field is required.']}}
2019-08-07 22:16:06,862 [Thread-103:17392] [account:51] [views:post] [DEBUG]- 用户注册结果：{'status': 402, 'msg': {'username': ['This field is required.'], 'mobile': ['This field is required.'], 'password': ['This field is required.'], 'password2': ['This field is required.'], 'mobile_captcha': ['This field is required.']}}
2019-08-07 22:16:06,999 [Thread-104:14364] [account:51] [views:post] [DEBUG]- 用户注册结果：{'status': 402, 'msg': {'username': ['This field is required.'], 'mobile': ['This field is required.'], 'password': ['This field is required.'], 'password2': ['This field is required.'], 'mobile_captcha': ['This field is required.']}}
2019-08-07 22:16:07,130 [Thread-105:14488] [account:51] [views:post] [DEBUG]- 用户注册结果：{'status': 402, 'msg': {'username': ['This field is required.'], 'mobile': ['This field is required.'], 'password': ['This field is required.'], 'password2': ['This field is required.'], 'mobile_captcha': ['This field is required.']}}
2019-08-07 22:16:07,427 [Thread-106:9488] [account:51] [views:post] [DEBUG]- 用户注册结果：{'status': 402, 'msg': {'username': ['This field is required.'], 'mobile': ['This field is required.'], 'password': ['This field is required.'], 'password2': ['This field is required.'], 'mobile_captcha': ['This field is required.']}}
2019-08-07 22:16:07,580 [Thread-107:16472] [account:51] [views:post] [DEBUG]- 用户注册结果：{'status': 402, 'msg': {'username': ['This field is required.'], 'mobile': ['This field is required.'], 'password': ['This field is required.'], 'password2': ['This field is required.'], 'mobile_captcha': ['This field is required.']}}
2019-08-07 22:16:07,752 [Thread-108:13036] [account:51] [views:post] [DEBUG]- 用户注册结果：{'status': 402, 'msg': {'username': ['This field is required.'], 'mobile': ['This field is required.'], 'password': ['This field is required.'], 'password2': ['This field is required.'], 'mobile_captcha': ['This field is required.']}}
2019-08-07 22:16:07,882 [Thread-109:12464] [account:51] [views:post] [DEBUG]- 用户注册结果：{'status': 402, 'msg': {'username': ['This field is required.'], 'mobile': ['This field is required.'], 'password': ['This field is required.'], 'password2': ['This field is required.'], 'mobile_captcha': ['This field is required.']}}
2019-08-07 22:16:08,027 [Thread-110:3636] [account:51] [views:post] [DEBUG]- 用户注册结果：{'status': 402, 'msg': {'username': ['This field is required.'], 'mobile': ['This field is required.'], 'password': ['This field is required.'], 'password2': ['This field is required.'], 'mobile_captcha': ['This field is required.']}}
2019-08-07 22:16:08,181 [Thread-111:13936] [account:51] [views:post] [DEBUG]- 用户注册结果：{'status': 402, 'msg': {'username': ['This field is required.'], 'mobile': ['This field is required.'], 'password': ['This field is required.'], 'password2': ['This field is required.'], 'mobile_captcha': ['This field is required.']}}
2019-08-07 22:16:08,318 [Thread-112:13628] [account:51] [views:post] [DEBUG]- 用户注册结果：{'status': 402, 'msg': {'username': ['This field is required.'], 'mobile': ['This field is required.'], 'password': ['This field is required.'], 'password2': ['This field is required.'], 'mobile_captcha': ['This field is required.']}}
2019-08-07 22:16:08,454 [Thread-113:16768] [account:51] [views:post] [DEBUG]- 用户注册结果：{'status': 402, 'msg': {'username': ['This field is required.'], 'mobile': ['This field is required.'], 'password': ['This field is required.'], 'password2': ['This field is required.'], 'mobile_captcha': ['This field is required.']}}
2019-08-07 22:16:08,597 [Thread-114:16508] [account:51] [views:post] [DEBUG]- 用户注册结果：{'status': 402, 'msg': {'username': ['This field is required.'], 'mobile': ['This field is required.'], 'password': ['This field is required.'], 'password2': ['This field is required.'], 'mobile_captcha': ['This field is required.']}}
2019-08-07 22:16:08,746 [Thread-115:5212] [account:51] [views:post] [DEBUG]- 用户注册结果：{'status': 402, 'msg': {'username': ['This field is required.'], 'mobile': ['This field is required.'], 'password': ['This field is required.'], 'password2': ['This field is required.'], 'mobile_captcha': ['This field is required.']}}
2019-08-07 22:16:08,876 [Thread-116:12704] [account:51] [views:post] [DEBUG]- 用户注册结果：{'status': 402, 'msg': {'username': ['This field is required.'], 'mobile': ['This field is required.'], 'password': ['This field is required.'], 'password2': ['This field is required.'], 'mobile_captcha': ['This field is required.']}}
2019-08-07 22:16:09,036 [Thread-117:8292] [account:51] [views:post] [DEBUG]- 用户注册结果：{'status': 402, 'msg': {'username': ['This field is required.'], 'mobile': ['This field is required.'], 'password': ['This field is required.'], 'password2': ['This field is required.'], 'mobile_captcha': ['This field is required.']}}
2019-08-07 22:16:09,199 [Thread-118:16956] [account:51] [views:post] [DEBUG]- 用户注册结果：{'status': 402, 'msg': {'username': ['This field is required.'], 'mobile': ['This field is required.'], 'password': ['This field is required.'], 'password2': ['This field is required.'], 'mobile_captcha': ['This field is required.']}}
2019-08-07 22:16:09,394 [Thread-119:14472] [account:51] [views:post] [DEBUG]- 用户注册结果：{'status': 402, 'msg': {'username': ['This field is required.'], 'mobile': ['This field is required.'], 'password': ['This field is required.'], 'password2': ['This field is required.'], 'mobile_captcha': ['This field is required.']}}
2019-08-07 22:16:09,679 [Thread-120:16196] [account:51] [views:post] [DEBUG]- 用户注册结果：{'status': 402, 'msg': {'username': ['This field is required.'], 'mobile': ['This field is required.'], 'password': ['This field is required.'], 'password2': ['This field is required.'], 'mobile_captcha': ['This field is required.']}}
2019-08-07 22:16:09,797 [Thread-121:13288] [account:51] [views:post] [DEBUG]- 用户注册结果：{'status': 402, 'msg': {'username': ['This field is required.'], 'mobile': ['This field is required.'], 'password': ['This field is required.'], 'password2': ['This field is required.'], 'mobile_captcha': ['This field is required.']}}
2019-08-07 22:16:09,952 [Thread-122:11240] [account:51] [views:post] [DEBUG]- 用户注册结果：{'status': 402, 'msg': {'username': ['This field is required.'], 'mobile': ['This field is required.'], 'password': ['This field is required.'], 'password2': ['This field is required.'], 'mobile_captcha': ['This field is required.']}}
2019-08-07 22:16:10,242 [Thread-123:16944] [account:51] [views:post] [DEBUG]- 用户注册结果：{'status': 402, 'msg': {'username': ['This field is required.'], 'mobile': ['This field is required.'], 'password': ['This field is required.'], 'password2': ['This field is required.'], 'mobile_captcha': ['This field is required.']}}
2019-08-07 22:16:10,394 [Thread-124:12684] [account:51] [views:post] [DEBUG]- 用户注册结果：{'status': 402, 'msg': {'username': ['This field is required.'], 'mobile': ['This field is required.'], 'password': ['This field is required.'], 'password2': ['This field is required.'], 'mobile_captcha': ['This field is required.']}}
2019-08-07 22:16:10,548 [Thread-125:11844] [account:51] [views:post] [DEBUG]- 用户注册结果：{'status': 402, 'msg': {'username': ['This field is required.'], 'mobile': ['This field is required.'], 'password': ['This field is required.'], 'password2': ['This field is required.'], 'mobile_captcha': ['This field is required.']}}
2019-08-07 22:16:10,741 [Thread-126:10508] [account:51] [views:post] [DEBUG]- 用户注册结果：{'status': 402, 'msg': {'username': ['This field is required.'], 'mobile': ['This field is required.'], 'password': ['This field is required.'], 'password2': ['This field is required.'], 'mobile_captcha': ['This field is required.']}}
2019-08-07 22:16:10,888 [Thread-127:4040] [account:51] [views:post] [DEBUG]- 用户注册结果：{'status': 402, 'msg': {'username': ['This field is required.'], 'mobile': ['This field is required.'], 'password': ['This field is required.'], 'password2': ['This field is required.'], 'mobile_captcha': ['This field is required.']}}
2019-08-07 22:16:11,014 [Thread-128:16920] [account:51] [views:post] [DEBUG]- 用户注册结果：{'status': 402, 'msg': {'username': ['This field is required.'], 'mobile': ['This field is required.'], 'password': ['This field is required.'], 'password2': ['This field is required.'], 'mobile_captcha': ['This field is required.']}}
2019-08-07 22:16:11,179 [Thread-129:11044] [account:51] [views:post] [DEBUG]- 用户注册结果：{'status': 402, 'msg': {'username': ['This field is required.'], 'mobile': ['This field is required.'], 'password': ['This field is required.'], 'password2': ['This field is required.'], 'mobile_captcha': ['This field is required.']}}
2019-08-07 22:17:06,487 [Thread-133:17108] [account:74] [views:post] [DEBUG]- 登录提交验证码:qsjk-QSJk
2019-08-07 22:17:06,614 [Thread-133:17108] [account:85] [views:post] [ERROR]- oyyj登录失败, 用户名或密码错误
2019-08-07 22:18:27,366 [Thread-136:14384] [account:74] [views:post] [DEBUG]- 登录提交验证码:xgwd-xgWD
2019-08-07 22:18:27,449 [Thread-136:14384] [account:85] [views:post] [ERROR]- oyyj登录失败, 用户名或密码错误
2019-08-07 22:21:21,666 [Thread-8:7156] [account:74] [views:post] [DEBUG]- 登录提交验证码:xgwd-VqkN
2019-08-07 22:21:53,383 [Thread-9:12160] [account:74] [views:post] [DEBUG]- 登录提交验证码:xgwd-VqkN
2019-08-07 22:24:36,908 [Thread-5:2620] [account:74] [views:post] [DEBUG]- 登录提交验证码:j57g-j57A
2019-08-07 22:25:31,449 [Thread-6:12648] [account:74] [views:post] [DEBUG]- 登录提交验证码:ubja-UbJB
2019-08-07 22:26:13,001 [Thread-3:5308] [account:75] [views:post] [DEBUG]- 登录提交验证码:ubja-UbJB
2019-08-07 22:32:31,104 [Thread-7:9244] [account:74] [views:post] [DEBUG]- 登录提交验证码:sadf-qsWg
2019-08-07 22:33:30,841 [Thread-3:15524] [account:74] [views:post] [DEBUG]- 登录提交验证码:sadf-N4Jd
2019-08-07 22:37:03,443 [Thread-1:6764] [account:74] [views:post] [DEBUG]- 登录提交验证码:sadf-8pmW
2019-08-07 22:37:18,796 [Thread-7:16120] [account:74] [views:post] [DEBUG]- 登录提交验证码:oot-gfGF
2019-08-07 23:56:34,106 [Thread-10:9508] [account:74] [views:post] [DEBUG]- 登录提交验证码:oot-GTda
2019-08-07 23:56:46,859 [Thread-13:6764] [account:74] [views:post] [DEBUG]- 登录提交验证码:y3ay-Y3ay
2019-08-07 23:56:46,957 [Thread-13:6764] [account:85] [views:post] [ERROR]- oyyj登录失败, 用户名或密码错误
2019-08-08 00:09:31,578 [Thread-15:548] [account:74] [views:post] [DEBUG]- 登录提交验证码:y3ay-pqta
2019-08-08 00:09:35,504 [Thread-17:14812] [account:74] [views:post] [DEBUG]- 登录提交验证码:y3ay-pgmN
2019-08-08 00:09:48,531 [Thread-20:1132] [account:74] [views:post] [DEBUG]- 登录提交验证码:ypth-yPtH
2019-08-08 00:09:48,627 [Thread-20:1132] [account:85] [views:post] [ERROR]- oyyj登录失败, 用户名或密码错误
2019-08-08 00:14:43,615 [Thread-23:7356] [account:51] [views:post] [DEBUG]- 用户注册结果：{'status': 402, 'msg': {'mobile': ['This field is required.'], 'password': ['密码长度不能小于8'], 'mobile_captcha': ['This field is required.'], '__all__': ['两次密码输入不一致']}}
2019-08-08 00:14:49,044 [Thread-26:2924] [account:51] [views:post] [DEBUG]- 用户注册结果：{'status': 402, 'msg': {'password': ['密码长度不能小于8'], 'mobile_captcha': ['This field is required.'], '__all__': ['两次密码输入不一致']}}
2019-08-08 19:58:19,645 [Thread-30:17520] [account:74] [views:post] [DEBUG]- 登录提交验证码:dfa-kTjG
2019-08-08 19:59:49,087 [Thread-33:14512] [account:74] [views:post] [DEBUG]- 登录提交验证码:dfa-H7Te
2019-08-08 20:00:27,214 [Thread-35:12228] [account:74] [views:post] [DEBUG]- 登录提交验证码:dfa-CmY6
2019-08-08 20:00:36,198 [Thread-38:16100] [account:74] [views:post] [DEBUG]- 登录提交验证码:svke-sVkE
2019-08-08 20:00:36,272 [Thread-38:16100] [account:85] [views:post] [ERROR]- oyyj登录失败, 用户名或密码错误
2019-08-08 20:00:57,296 [Thread-41:17980] [account:74] [views:post] [DEBUG]- 登录提交验证码:svke-yRXb
2019-08-08 20:01:56,383 [Thread-43:9440] [account:74] [views:post] [DEBUG]- 登录提交验证码:svke-wsE7
2019-08-08 20:02:00,420 [Thread-46:5320] [account:74] [views:post] [DEBUG]- 登录提交验证码:svke-HT9k
2019-08-08 20:02:14,245 [Thread-48:13080] [account:74] [views:post] [DEBUG]- 登录提交验证码:svke-rUjb
2019-08-08 20:02:24,714 [Thread-49:7124] [account:74] [views:post] [DEBUG]- 登录提交验证码:svke-Ntx4
2019-08-08 20:02:37,169 [Thread-52:11420] [account:74] [views:post] [DEBUG]- 登录提交验证码:svke-Pgvx
2019-08-08 20:02:46,004 [Thread-53:17476] [account:74] [views:post] [DEBUG]- 登录提交验证码:svke-CbxJ
2019-08-08 20:28:30,496 [Thread-3:13764] [account:74] [views:post] [DEBUG]- 登录提交验证码:svke-vyXH
2019-08-08 20:34:46,853 [Thread-6:1616] [account:78] [views:post] [DEBUG]- 登录提交验证码:b9qg-B9QG
2019-08-08 20:34:47,527 [Thread-6:1616] [account:85] [views:post] [INFO]- oyyj登录成功
2019-08-08 20:44:56,348 [Thread-7:8324] [account:55] [views:post] [DEBUG]- 用户注册结果：{'status': 402, 'msg': {'password': ['密码不能全是数字'], 'mobile_captcha': ['This field is required.'], '__all__': ['两次密码输入不一致']}}
2019-08-08 20:44:57,649 [Thread-10:17168] [account:55] [views:post] [DEBUG]- 用户注册结果：{'status': 402, 'msg': {'password': ['密码不能全是数字'], 'mobile_captcha': ['This field is required.'], '__all__': ['两次密码输入不一致']}}
2019-08-08 20:48:42,386 [Thread-12:10664] [account:55] [views:post] [DEBUG]- 用户注册结果：{'status': 402, 'msg': {'password': ['密码不能全是数字'], 'mobile_captcha': ['This field is required.'], '__all__': ['两次密码输入不一致']}}
2019-08-08 20:48:46,249 [Thread-13:18328] [account:55] [views:post] [DEBUG]- 用户注册结果：{'status': 402, 'msg': {'password': ['密码不能全是数字'], 'mobile_captcha': ['This field is required.'], '__all__': ['两次密码输入不一致']}}
2019-08-08 21:02:28,041 [Thread-14:11928] [account:55] [views:post] [DEBUG]- 用户注册结果：{'status': 402, 'msg': {'username': ['This field is required.'], 'mobile': ['This field is required.'], 'password': ['This field is required.'], 'password2': ['This field is required.'], 'mobile_captcha': ['This field is required.']}}
2019-08-08 21:09:45,650 [Thread-20:9744] [account:55] [views:post] [DEBUG]- 用户注册结果：{'status': 402, 'msg': {'__all__': ['两次密码输入不一致']}}
2019-08-09 12:18:01,604 [Thread-34:16628] [account:94] [views:post] [ERROR]- <ul class="errorlist"><li>username<ul class="errorlist"><li>用户名或密码不正确</li></ul></li></ul>
2019-08-09 12:18:01,606 [Thread-34:16628] [account:95] [views:post] [ERROR]- 表单数据不完整
2019-08-09 12:18:17,575 [Thread-37:2040] [account:78] [views:post] [DEBUG]- 登录提交验证码:dsf-gbVn
2019-08-09 12:18:28,494 [Thread-41:18388] [account:78] [views:post] [DEBUG]- 登录提交验证码:cjq3-cJQ3
2019-08-09 12:18:28,712 [Thread-41:18388] [account:89] [views:post] [ERROR]- oyyj登录失败, 用户名或密码错误
2019-08-09 12:18:40,300 [Thread-43:3804] [account:78] [views:post] [DEBUG]- 登录提交验证码:5kej-5Kcj
2019-08-09 12:18:57,490 [Thread-48:13560] [account:78] [views:post] [DEBUG]- 登录提交验证码:e4fp-e4FP
2019-08-09 12:18:58,023 [Thread-48:13560] [account:85] [views:post] [INFO]- oyyj登录成功
2019-08-11 23:47:11,781 [Thread-30:3740] [account:55] [views:post] [DEBUG]- 用户注册结果：{'status': 402, 'msg': {'username': ['This field is required.'], 'password': ['This field is required.'], 'password2': ['This field is required.'], 'mobile_captcha': ['This field is required.']}}
2019-08-13 23:36:28,254 [Thread-39:6316] [account:78] [views:post] [DEBUG]- 登录提交验证码:pjmv-pjmV
2019-08-13 23:36:28,863 [Thread-39:6316] [account:85] [views:post] [INFO]- oyyj登录成功
2019-08-14 13:25:46,275 [Thread-34:6532] [account:78] [views:post] [DEBUG]- 登录提交验证码:mqxh-mqXh
2019-08-14 13:25:46,410 [Thread-34:6532] [account:85] [views:post] [INFO]- oyyj登录成功
2019-08-14 13:26:02,096 [Thread-42:5160] [account:78] [views:post] [DEBUG]- 登录提交验证码:sadf-gudm
2019-08-14 13:26:28,328 [Thread-48:6596] [account:78] [views:post] [DEBUG]- 登录提交验证码:usT9-usT9
2019-08-14 13:26:28,470 [Thread-48:6596] [account:85] [views:post] [INFO]- oyyj登录成功
2019-08-14 17:56:46,216 [Thread-66:4516] [account:78] [views:post] [DEBUG]- 登录提交验证码:w3ur-W3UR
2019-08-14 17:56:46,355 [Thread-66:4516] [account:85] [views:post] [INFO]- oyyj登录成功
2019-08-14 18:04:21,935 [Thread-7:7984] [account:78] [views:post] [DEBUG]- 登录提交验证码:ew6s-ew6s
2019-08-14 18:04:22,149 [Thread-7:7984] [account:85] [views:post] [INFO]- oyyj登录成功
2019-08-14 18:08:18,636 [Thread-7:6156] [account:78] [views:post] [DEBUG]- 登录提交验证码:wtdf-WTdf
2019-08-14 18:08:18,800 [Thread-7:6156] [account:85] [views:post] [INFO]- oyyj登录成功
2019-08-14 18:08:31,103 [Thread-14:6652] [account:78] [views:post] [DEBUG]- 登录提交验证码:ynqy-yNQY
2019-08-14 18:08:31,255 [Thread-14:6652] [account:85] [views:post] [INFO]- oyyj登录成功
2019-08-14 19:11:45,621 [Thread-25:6120] [account:78] [views:post] [DEBUG]- 登录提交验证码:9nga-9NGA
2019-08-14 19:11:45,793 [Thread-25:6120] [account:85] [views:post] [INFO]- oyyj登录成功
2019-08-14 19:20:48,281 [Thread-55:7684] [account:78] [views:post] [DEBUG]- 登录提交验证码:nq5m-nu5m
2019-08-14 19:20:55,859 [Thread-58:7732] [account:78] [views:post] [DEBUG]- 登录提交验证码:aecu-AecU
2019-08-14 19:20:56,067 [Thread-58:7732] [account:85] [views:post] [INFO]- oyyj登录成功
2019-08-14 19:23:54,824 [Thread-74:5564] [account:78] [views:post] [DEBUG]- 登录提交验证码:ake5-ake5
2019-08-14 19:23:54,992 [Thread-74:5564] [account:85] [views:post] [INFO]- oyyj登录成功
2019-08-14 20:22:36,349 [Thread-121:3988] [account:78] [views:post] [DEBUG]- 登录提交验证码:db9s-DB9S
2019-08-14 20:22:36,512 [Thread-121:3988] [account:85] [views:post] [INFO]- oyyj登录成功
2019-08-14 20:23:10,055 [Thread-128:7668] [account:78] [views:post] [DEBUG]- 登录提交验证码:4abk-4aBK
2019-08-14 20:23:10,190 [Thread-128:7668] [account:85] [views:post] [INFO]- oyyj登录成功
2019-08-14 20:28:24,566 [Thread-134:2656] [account:78] [views:post] [DEBUG]- 登录提交验证码:pwxp-pwXP
2019-08-14 20:28:24,736 [Thread-134:2656] [account:85] [views:post] [INFO]- oyyj登录成功
2019-08-14 20:28:50,714 [Thread-140:7892] [account:78] [views:post] [DEBUG]- 登录提交验证码:pnvx-pnVx
2019-08-14 20:28:50,842 [Thread-140:7892] [account:85] [views:post] [INFO]- oyyj登录成功
2019-08-14 20:29:09,680 [Thread-147:6652] [account:78] [views:post] [DEBUG]- 登录提交验证码:bfa4-BFd4
2019-08-14 20:29:17,847 [Thread-150:7220] [account:78] [views:post] [DEBUG]- 登录提交验证码:6hc9-6HC9
2019-08-14 20:29:17,963 [Thread-150:7220] [account:85] [views:post] [INFO]- oyyj登录成功
2019-08-14 20:30:45,295 [Thread-158:7928] [account:78] [views:post] [DEBUG]- 登录提交验证码:phvk-PHvk
2019-08-14 20:30:45,471 [Thread-158:7928] [account:85] [views:post] [INFO]- oyyj登录成功
2019-08-14 20:38:19,588 [Thread-170:6652] [account:78] [views:post] [DEBUG]- 登录提交验证码:sx4q-Sx4Q
2019-08-14 20:38:19,690 [Thread-170:6652] [account:85] [views:post] [INFO]- oyyj登录成功
2019-08-14 20:38:34,005 [Thread-177:6364] [account:78] [views:post] [DEBUG]- 登录提交验证码:cebr-CeBR
2019-08-14 20:38:34,172 [Thread-177:6364] [account:85] [views:post] [INFO]- oyyj登录成功
2019-08-14 20:59:57,000 [Thread-188:6644] [account:78] [views:post] [DEBUG]- 登录提交验证码:3guk-3guK
2019-08-14 20:59:57,134 [Thread-188:6644] [account:85] [views:post] [INFO]- oyyj登录成功
2019-08-14 21:19:16,632 [Thread-227:5664] [account:78] [views:post] [DEBUG]- 登录提交验证码:mbwy-mbWY
2019-08-14 21:19:16,786 [Thread-227:5664] [account:85] [views:post] [INFO]- oyyj登录成功
2019-08-14 21:53:18,687 [Thread-6:7344] [account:78] [views:post] [DEBUG]- 登录提交验证码:iucd-jUcD
2019-08-14 21:53:24,470 [Thread-9:7808] [account:78] [views:post] [DEBUG]- 登录提交验证码:ef5a-Ef5A
2019-08-14 21:53:24,848 [Thread-9:7808] [account:85] [views:post] [INFO]- oyyj登录成功
2019-08-14 22:02:37,381 [Thread-33:8048] [account:78] [views:post] [DEBUG]- 登录提交验证码:vva8-Vva8
2019-08-14 22:02:37,550 [Thread-33:8048] [account:85] [views:post] [INFO]- oyyj登录成功
2019-08-15 09:07:38,337 [Thread-7:1916] [account:78] [views:post] [DEBUG]- 登录提交验证码:mkjr-MkjR
2019-08-15 09:07:38,504 [Thread-7:1916] [account:85] [views:post] [INFO]- oyyj登录成功
2019-08-15 10:23:50,391 [Thread-21:6812] [account:78] [views:post] [DEBUG]- 登录提交验证码:pvnk-pvNk
2019-08-15 10:23:50,566 [Thread-21:6812] [account:85] [views:post] [INFO]- oyyj登录成功
2019-08-15 10:24:10,418 [Thread-27:5620] [account:78] [views:post] [DEBUG]- 登录提交验证码:64pm-64Pm
2019-08-15 10:24:10,596 [Thread-27:5620] [account:85] [views:post] [INFO]- oyyj登录成功
2019-08-15 11:05:17,128 [Thread-39:6896] [account:78] [views:post] [DEBUG]- 登录提交验证码:e3du-E3DU
2019-08-15 11:05:17,291 [Thread-39:6896] [account:85] [views:post] [INFO]- oyyj登录成功
2019-08-15 12:08:07,285 [Thread-47:5344] [account:55] [views:post] [DEBUG]- 用户注册结果：{'status': 402, 'msg': {'mobile': ['This field is required.'], 'password2': ['This field is required.'], 'mobile_captcha': ['This field is required.'], '__all__': ['两次密码输入不一致']}}
2019-08-15 12:08:16,288 [Thread-50:6800] [account:55] [views:post] [DEBUG]- 用户注册结果：{'status': 402, 'msg': {'username': ['This field is required.'], 'mobile': ['This field is required.'], 'password': ['This field is required.'], 'password2': ['This field is required.'], 'mobile_captcha': ['This field is required.']}}
2019-08-15 12:08:16,722 [Thread-51:6284] [account:55] [views:post] [DEBUG]- 用户注册结果：{'status': 402, 'msg': {'username': ['This field is required.'], 'mobile': ['This field is required.'], 'password': ['This field is required.'], 'password2': ['This field is required.'], 'mobile_captcha': ['This field is required.']}}
2019-08-15 12:08:17,035 [Thread-52:6632] [account:55] [views:post] [DEBUG]- 用户注册结果：{'status': 402, 'msg': {'username': ['This field is required.'], 'mobile': ['This field is required.'], 'password': ['This field is required.'], 'password2': ['This field is required.'], 'mobile_captcha': ['This field is required.']}}
2019-08-15 12:08:17,207 [Thread-53:4212] [account:55] [views:post] [DEBUG]- 用户注册结果：{'status': 402, 'msg': {'username': ['This field is required.'], 'mobile': ['This field is required.'], 'password': ['This field is required.'], 'password2': ['This field is required.'], 'mobile_captcha': ['This field is required.']}}
2019-08-15 12:08:18,000 [Thread-54:5048] [account:55] [views:post] [DEBUG]- 用户注册结果：{'status': 402, 'msg': {'username': ['This field is required.'], 'mobile': ['This field is required.'], 'password': ['This field is required.'], 'password2': ['This field is required.'], 'mobile_captcha': ['This field is required.']}}
2019-08-15 12:08:18,361 [Thread-55:5416] [account:55] [views:post] [DEBUG]- 用户注册结果：{'status': 402, 'msg': {'username': ['This field is required.'], 'mobile': ['This field is required.'], 'password': ['This field is required.'], 'password2': ['This field is required.'], 'mobile_captcha': ['This field is required.']}}
2019-08-15 12:08:18,587 [Thread-56:1576] [account:55] [views:post] [DEBUG]- 用户注册结果：{'status': 402, 'msg': {'username': ['This field is required.'], 'mobile': ['This field is required.'], 'password': ['This field is required.'], 'password2': ['This field is required.'], 'mobile_captcha': ['This field is required.']}}
2019-08-15 12:08:19,160 [Thread-57:5412] [account:55] [views:post] [DEBUG]- 用户注册结果：{'status': 402, 'msg': {'username': ['This field is required.'], 'mobile': ['This field is required.'], 'password': ['This field is required.'], 'password2': ['This field is required.'], 'mobile_captcha': ['This field is required.']}}
2019-08-15 12:08:19,360 [Thread-58:7008] [account:55] [views:post] [DEBUG]- 用户注册结果：{'status': 402, 'msg': {'username': ['This field is required.'], 'mobile': ['This field is required.'], 'password': ['This field is required.'], 'password2': ['This field is required.'], 'mobile_captcha': ['This field is required.']}}
2019-08-15 12:08:19,543 [Thread-59:5136] [account:55] [views:post] [DEBUG]- 用户注册结果：{'status': 402, 'msg': {'username': ['This field is required.'], 'mobile': ['This field is required.'], 'password': ['This field is required.'], 'password2': ['This field is required.'], 'mobile_captcha': ['This field is required.']}}
2019-08-15 12:08:19,755 [Thread-60:6012] [account:55] [views:post] [DEBUG]- 用户注册结果：{'status': 402, 'msg': {'username': ['This field is required.'], 'mobile': ['This field is required.'], 'password': ['This field is required.'], 'password2': ['This field is required.'], 'mobile_captcha': ['This field is required.']}}
2019-08-15 12:08:19,945 [Thread-61:7124] [account:55] [views:post] [DEBUG]- 用户注册结果：{'status': 402, 'msg': {'username': ['This field is required.'], 'mobile': ['This field is required.'], 'password': ['This field is required.'], 'password2': ['This field is required.'], 'mobile_captcha': ['This field is required.']}}
2019-08-15 12:08:20,159 [Thread-62:5700] [account:55] [views:post] [DEBUG]- 用户注册结果：{'status': 402, 'msg': {'username': ['This field is required.'], 'mobile': ['This field is required.'], 'password': ['This field is required.'], 'password2': ['This field is required.'], 'mobile_captcha': ['This field is required.']}}
2019-08-15 12:08:20,344 [Thread-63:6572] [account:55] [views:post] [DEBUG]- 用户注册结果：{'status': 402, 'msg': {'username': ['This field is required.'], 'mobile': ['This field is required.'], 'password': ['This field is required.'], 'password2': ['This field is required.'], 'mobile_captcha': ['This field is required.']}}
2019-08-15 12:08:20,528 [Thread-64:452] [account:55] [views:post] [DEBUG]- 用户注册结果：{'status': 402, 'msg': {'username': ['This field is required.'], 'mobile': ['This field is required.'], 'password': ['This field is required.'], 'password2': ['This field is required.'], 'mobile_captcha': ['This field is required.']}}
2019-08-15 12:08:20,719 [Thread-65:1572] [account:55] [views:post] [DEBUG]- 用户注册结果：{'status': 402, 'msg': {'username': ['This field is required.'], 'mobile': ['This field is required.'], 'password': ['This field is required.'], 'password2': ['This field is required.'], 'mobile_captcha': ['This field is required.']}}
2019-08-15 12:08:20,887 [Thread-66:4924] [account:55] [views:post] [DEBUG]- 用户注册结果：{'status': 402, 'msg': {'username': ['This field is required.'], 'mobile': ['This field is required.'], 'password': ['This field is required.'], 'password2': ['This field is required.'], 'mobile_captcha': ['This field is required.']}}
2019-08-15 12:08:21,080 [Thread-67:4992] [account:55] [views:post] [DEBUG]- 用户注册结果：{'status': 402, 'msg': {'username': ['This field is required.'], 'mobile': ['This field is required.'], 'password': ['This field is required.'], 'password2': ['This field is required.'], 'mobile_captcha': ['This field is required.']}}
2019-08-15 12:08:21,255 [Thread-68:4784] [account:55] [views:post] [DEBUG]- 用户注册结果：{'status': 402, 'msg': {'username': ['This field is required.'], 'mobile': ['This field is required.'], 'password': ['This field is required.'], 'password2': ['This field is required.'], 'mobile_captcha': ['This field is required.']}}
2019-08-15 12:08:21,456 [Thread-69:4348] [account:55] [views:post] [DEBUG]- 用户注册结果：{'status': 402, 'msg': {'username': ['This field is required.'], 'mobile': ['This field is required.'], 'password': ['This field is required.'], 'password2': ['This field is required.'], 'mobile_captcha': ['This field is required.']}}
2019-08-15 12:08:21,656 [Thread-70:6368] [account:55] [views:post] [DEBUG]- 用户注册结果：{'status': 402, 'msg': {'username': ['This field is required.'], 'mobile': ['This field is required.'], 'password': ['This field is required.'], 'password2': ['This field is required.'], 'mobile_captcha': ['This field is required.']}}
2019-08-15 12:08:21,832 [Thread-71:6768] [account:55] [views:post] [DEBUG]- 用户注册结果：{'status': 402, 'msg': {'username': ['This field is required.'], 'mobile': ['This field is required.'], 'password': ['This field is required.'], 'password2': ['This field is required.'], 'mobile_captcha': ['This field is required.']}}
2019-08-15 12:08:22,006 [Thread-72:6748] [account:55] [views:post] [DEBUG]- 用户注册结果：{'status': 402, 'msg': {'username': ['This field is required.'], 'mobile': ['This field is required.'], 'password': ['This field is required.'], 'password2': ['This field is required.'], 'mobile_captcha': ['This field is required.']}}
2019-08-15 12:08:22,182 [Thread-73:5232] [account:55] [views:post] [DEBUG]- 用户注册结果：{'status': 402, 'msg': {'username': ['This field is required.'], 'mobile': ['This field is required.'], 'password': ['This field is required.'], 'password2': ['This field is required.'], 'mobile_captcha': ['This field is required.']}}
2019-08-15 12:08:22,402 [Thread-74:2652] [account:55] [views:post] [DEBUG]- 用户注册结果：{'status': 402, 'msg': {'username': ['This field is required.'], 'mobile': ['This field is required.'], 'password': ['This field is required.'], 'password2': ['This field is required.'], 'mobile_captcha': ['This field is required.']}}
2019-08-15 12:08:22,624 [Thread-75:7132] [account:55] [views:post] [DEBUG]- 用户注册结果：{'status': 402, 'msg': {'username': ['This field is required.'], 'mobile': ['This field is required.'], 'password': ['This field is required.'], 'password2': ['This field is required.'], 'mobile_captcha': ['This field is required.']}}
2019-08-15 12:08:22,833 [Thread-76:6200] [account:55] [views:post] [DEBUG]- 用户注册结果：{'status': 402, 'msg': {'username': ['This field is required.'], 'mobile': ['This field is required.'], 'password': ['This field is required.'], 'password2': ['This field is required.'], 'mobile_captcha': ['This field is required.']}}
2019-08-15 12:08:23,058 [Thread-77:7040] [account:55] [views:post] [DEBUG]- 用户注册结果：{'status': 402, 'msg': {'username': ['This field is required.'], 'mobile': ['This field is required.'], 'password': ['This field is required.'], 'password2': ['This field is required.'], 'mobile_captcha': ['This field is required.']}}
2019-08-15 12:08:23,252 [Thread-78:5472] [account:55] [views:post] [DEBUG]- 用户注册结果：{'status': 402, 'msg': {'username': ['This field is required.'], 'mobile': ['This field is required.'], 'password': ['This field is required.'], 'password2': ['This field is required.'], 'mobile_captcha': ['This field is required.']}}
2019-08-15 12:08:23,449 [Thread-79:3708] [account:55] [views:post] [DEBUG]- 用户注册结果：{'status': 402, 'msg': {'username': ['This field is required.'], 'mobile': ['This field is required.'], 'password': ['This field is required.'], 'password2': ['This field is required.'], 'mobile_captcha': ['This field is required.']}}
2019-08-15 12:08:23,622 [Thread-80:4468] [account:55] [views:post] [DEBUG]- 用户注册结果：{'status': 402, 'msg': {'username': ['This field is required.'], 'mobile': ['This field is required.'], 'password': ['This field is required.'], 'password2': ['This field is required.'], 'mobile_captcha': ['This field is required.']}}
2019-08-15 12:08:23,804 [Thread-81:5200] [account:55] [views:post] [DEBUG]- 用户注册结果：{'status': 402, 'msg': {'username': ['This field is required.'], 'mobile': ['This field is required.'], 'password': ['This field is required.'], 'password2': ['This field is required.'], 'mobile_captcha': ['This field is required.']}}
2019-08-15 12:08:23,995 [Thread-82:6760] [account:55] [views:post] [DEBUG]- 用户注册结果：{'status': 402, 'msg': {'username': ['This field is required.'], 'mobile': ['This field is required.'], 'password': ['This field is required.'], 'password2': ['This field is required.'], 'mobile_captcha': ['This field is required.']}}
2019-08-15 12:08:24,195 [Thread-83:6028] [account:55] [views:post] [DEBUG]- 用户注册结果：{'status': 402, 'msg': {'username': ['This field is required.'], 'mobile': ['This field is required.'], 'password': ['This field is required.'], 'password2': ['This field is required.'], 'mobile_captcha': ['This field is required.']}}
2019-08-15 12:08:25,670 [Thread-84:6928] [account:55] [views:post] [DEBUG]- 用户注册结果：{'status': 402, 'msg': {'username': ['This field is required.'], 'mobile': ['This field is required.'], 'password': ['This field is required.'], 'password2': ['This field is required.'], 'mobile_captcha': ['This field is required.']}}
2019-08-15 12:08:26,049 [Thread-85:6424] [account:55] [views:post] [DEBUG]- 用户注册结果：{'status': 402, 'msg': {'username': ['This field is required.'], 'mobile': ['This field is required.'], 'password': ['This field is required.'], 'password2': ['This field is required.'], 'mobile_captcha': ['This field is required.']}}
2019-08-15 12:08:26,225 [Thread-86:3784] [account:55] [views:post] [DEBUG]- 用户注册结果：{'status': 402, 'msg': {'username': ['This field is required.'], 'mobile': ['This field is required.'], 'password': ['This field is required.'], 'password2': ['This field is required.'], 'mobile_captcha': ['This field is required.']}}
2019-08-15 12:08:26,392 [Thread-87:5400] [account:55] [views:post] [DEBUG]- 用户注册结果：{'status': 402, 'msg': {'username': ['This field is required.'], 'mobile': ['This field is required.'], 'password': ['This field is required.'], 'password2': ['This field is required.'], 'mobile_captcha': ['This field is required.']}}
2019-08-15 12:08:26,586 [Thread-88:6876] [account:55] [views:post] [DEBUG]- 用户注册结果：{'status': 402, 'msg': {'username': ['This field is required.'], 'mobile': ['This field is required.'], 'password': ['This field is required.'], 'password2': ['This field is required.'], 'mobile_captcha': ['This field is required.']}}
2019-08-15 12:08:26,774 [Thread-89:2472] [account:55] [views:post] [DEBUG]- 用户注册结果：{'status': 402, 'msg': {'username': ['This field is required.'], 'mobile': ['This field is required.'], 'password': ['This field is required.'], 'password2': ['This field is required.'], 'mobile_captcha': ['This field is required.']}}
2019-08-15 12:08:26,925 [Thread-90:3140] [account:55] [views:post] [DEBUG]- 用户注册结果：{'status': 402, 'msg': {'username': ['This field is required.'], 'mobile': ['This field is required.'], 'password': ['This field is required.'], 'password2': ['This field is required.'], 'mobile_captcha': ['This field is required.']}}
2019-08-15 12:08:33,744 [Thread-91:5216] [account:55] [views:post] [DEBUG]- 用户注册结果：{'status': 402, 'msg': {'username': ['This field is required.'], 'mobile': ['This field is required.'], 'password': ['This field is required.'], 'password2': ['This field is required.'], 'mobile_captcha': ['This field is required.']}}
2019-08-15 12:08:33,915 [Thread-92:5856] [account:55] [views:post] [DEBUG]- 用户注册结果：{'status': 402, 'msg': {'username': ['This field is required.'], 'mobile': ['This field is required.'], 'password': ['This field is required.'], 'password2': ['This field is required.'], 'mobile_captcha': ['This field is required.']}}
2019-08-15 12:08:34,075 [Thread-93:284] [account:55] [views:post] [DEBUG]- 用户注册结果：{'status': 402, 'msg': {'username': ['This field is required.'], 'mobile': ['This field is required.'], 'password': ['This field is required.'], 'password2': ['This field is required.'], 'mobile_captcha': ['This field is required.']}}
2019-08-15 12:08:34,258 [Thread-94:5344] [account:55] [views:post] [DEBUG]- 用户注册结果：{'status': 402, 'msg': {'username': ['This field is required.'], 'mobile': ['This field is required.'], 'password': ['This field is required.'], 'password2': ['This field is required.'], 'mobile_captcha': ['This field is required.']}}
2019-08-15 12:08:34,407 [Thread-95:4288] [account:55] [views:post] [DEBUG]- 用户注册结果：{'status': 402, 'msg': {'username': ['This field is required.'], 'mobile': ['This field is required.'], 'password': ['This field is required.'], 'password2': ['This field is required.'], 'mobile_captcha': ['This field is required.']}}
2019-08-15 12:08:34,599 [Thread-96:6864] [account:55] [views:post] [DEBUG]- 用户注册结果：{'status': 402, 'msg': {'username': ['This field is required.'], 'mobile': ['This field is required.'], 'password': ['This field is required.'], 'password2': ['This field is required.'], 'mobile_captcha': ['This field is required.']}}
2019-08-15 12:08:34,824 [Thread-97:2704] [account:55] [views:post] [DEBUG]- 用户注册结果：{'status': 402, 'msg': {'username': ['This field is required.'], 'mobile': ['This field is required.'], 'password': ['This field is required.'], 'password2': ['This field is required.'], 'mobile_captcha': ['This field is required.']}}
2019-08-15 12:08:35,128 [Thread-98:1804] [account:55] [views:post] [DEBUG]- 用户注册结果：{'status': 402, 'msg': {'username': ['This field is required.'], 'mobile': ['This field is required.'], 'password': ['This field is required.'], 'password2': ['This field is required.'], 'mobile_captcha': ['This field is required.']}}
2019-08-15 12:08:35,311 [Thread-99:5844] [account:55] [views:post] [DEBUG]- 用户注册结果：{'status': 402, 'msg': {'username': ['This field is required.'], 'mobile': ['This field is required.'], 'password': ['This field is required.'], 'password2': ['This field is required.'], 'mobile_captcha': ['This field is required.']}}
2019-08-15 12:08:35,480 [Thread-100:5428] [account:55] [views:post] [DEBUG]- 用户注册结果：{'status': 402, 'msg': {'username': ['This field is required.'], 'mobile': ['This field is required.'], 'password': ['This field is required.'], 'password2': ['This field is required.'], 'mobile_captcha': ['This field is required.']}}
2019-08-15 12:08:35,639 [Thread-101:4152] [account:55] [views:post] [DEBUG]- 用户注册结果：{'status': 402, 'msg': {'username': ['This field is required.'], 'mobile': ['This field is required.'], 'password': ['This field is required.'], 'password2': ['This field is required.'], 'mobile_captcha': ['This field is required.']}}
2019-08-15 12:08:35,833 [Thread-102:4744] [account:55] [views:post] [DEBUG]- 用户注册结果：{'status': 402, 'msg': {'username': ['This field is required.'], 'mobile': ['This field is required.'], 'password': ['This field is required.'], 'password2': ['This field is required.'], 'mobile_captcha': ['This field is required.']}}
2019-08-15 12:08:36,018 [Thread-103:5044] [account:55] [views:post] [DEBUG]- 用户注册结果：{'status': 402, 'msg': {'username': ['This field is required.'], 'mobile': ['This field is required.'], 'password': ['This field is required.'], 'password2': ['This field is required.'], 'mobile_captcha': ['This field is required.']}}
2019-08-15 12:08:36,210 [Thread-104:2600] [account:55] [views:post] [DEBUG]- 用户注册结果：{'status': 402, 'msg': {'username': ['This field is required.'], 'mobile': ['This field is required.'], 'password': ['This field is required.'], 'password2': ['This field is required.'], 'mobile_captcha': ['This field is required.']}}
2019-08-15 12:08:36,424 [Thread-105:6496] [account:55] [views:post] [DEBUG]- 用户注册结果：{'status': 402, 'msg': {'username': ['This field is required.'], 'mobile': ['This field is required.'], 'password': ['This field is required.'], 'password2': ['This field is required.'], 'mobile_captcha': ['This field is required.']}}
2019-08-15 12:08:36,655 [Thread-106:6540] [account:55] [views:post] [DEBUG]- 用户注册结果：{'status': 402, 'msg': {'username': ['This field is required.'], 'mobile': ['This field is required.'], 'password': ['This field is required.'], 'password2': ['This field is required.'], 'mobile_captcha': ['This field is required.']}}
2019-08-15 12:08:38,021 [Thread-107:5204] [account:55] [views:post] [DEBUG]- 用户注册结果：{'status': 402, 'msg': {'username': ['This field is required.'], 'mobile': ['This field is required.'], 'password': ['This field is required.'], 'password2': ['This field is required.'], 'mobile_captcha': ['This field is required.']}}
2019-08-15 12:08:38,175 [Thread-108:5728] [account:55] [views:post] [DEBUG]- 用户注册结果：{'status': 402, 'msg': {'username': ['This field is required.'], 'mobile': ['This field is required.'], 'password': ['This field is required.'], 'password2': ['This field is required.'], 'mobile_captcha': ['This field is required.']}}
2019-08-15 12:08:52,437 [Thread-109:5136] [account:55] [views:post] [DEBUG]- 用户注册结果：{'status': 402, 'msg': {'mobile': ['This field is required.'], 'password2': ['This field is required.'], 'mobile_captcha': ['This field is required.'], '__all__': ['两次密码输入不一致']}}
2019-08-15 12:08:52,809 [Thread-110:4644] [account:55] [views:post] [DEBUG]- 用户注册结果：{'status': 402, 'msg': {'mobile': ['This field is required.'], 'password2': ['This field is required.'], 'mobile_captcha': ['This field is required.'], '__all__': ['两次密码输入不一致']}}
2019-08-15 12:08:56,140 [Thread-111:4924] [account:55] [views:post] [DEBUG]- 用户注册结果：{'status': 402, 'msg': {'__all__': ['两次密码输入不一致']}}
2019-08-15 12:08:56,466 [Thread-112:1976] [account:55] [views:post] [DEBUG]- 用户注册结果：{'status': 402, 'msg': {'__all__': ['两次密码输入不一致']}}
2019-08-15 12:08:56,658 [Thread-113:6072] [account:55] [views:post] [DEBUG]- 用户注册结果：{'status': 402, 'msg': {'__all__': ['两次密码输入不一致']}}
2019-08-15 12:08:57,285 [Thread-114:4992] [account:55] [views:post] [DEBUG]- 用户注册结果：{'status': 402, 'msg': {'__all__': ['两次密码输入不一致']}}
2019-08-15 12:14:07,436 [Thread-115:6648] [account:55] [views:post] [DEBUG]- 用户注册结果：{'status': 402, 'msg': {'__all__': ['两次密码输入不一致']}}
2019-08-15 15:01:49,447 [Thread-121:8052] [account:78] [views:post] [DEBUG]- 登录提交验证码:pwnh-PwNH
2019-08-15 15:01:49,625 [Thread-121:8052] [account:85] [views:post] [INFO]- oyyj登录成功
2019-08-15 15:03:31,010 [Thread-132:7152] [account:78] [views:post] [DEBUG]- 登录提交验证码:s7nu-s7nU
2019-08-15 15:03:31,141 [Thread-132:7152] [account:85] [views:post] [INFO]- oyyj登录成功
2019-08-15 17:02:52,934 [Thread-141:7604] [account:78] [views:post] [DEBUG]- 登录提交验证码:g7yb-g7yB
2019-08-15 17:02:53,129 [Thread-141:7604] [account:85] [views:post] [INFO]- oyyj登录成功
2019-08-15 19:03:17,549 [Thread-148:7876] [account:78] [views:post] [DEBUG]- 登录提交验证码:qgx4-Qgx4
2019-08-15 19:03:17,721 [Thread-148:7876] [account:85] [views:post] [INFO]- oyyj登录成功
2019-08-15 19:04:49,838 [Thread-161:6888] [account:78] [views:post] [DEBUG]- 登录提交验证码:TRmt-TRmt
2019-08-15 19:04:50,007 [Thread-161:6888] [account:85] [views:post] [INFO]- oyyj登录成功
2019-08-15 19:14:46,303 [Thread-186:6944] [account:55] [views:post] [DEBUG]- 用户注册结果：{'status': 402, 'msg': {'mobile': ['This field is required.'], 'password2': ['This field is required.'], 'mobile_captcha': ['This field is required.'], '__all__': ['两次密码输入不一致']}}
2019-08-15 19:14:46,454 [Thread-189:7272] [account:55] [views:post] [DEBUG]- 用户注册结果：{'status': 402, 'msg': {'mobile': ['This field is required.'], 'password2': ['This field is required.'], 'mobile_captcha': ['This field is required.'], '__all__': ['两次密码输入不一致']}}
2019-08-15 19:14:46,623 [Thread-190:7816] [account:55] [views:post] [DEBUG]- 用户注册结果：{'status': 402, 'msg': {'mobile': ['This field is required.'], 'password2': ['This field is required.'], 'mobile_captcha': ['This field is required.'], '__all__': ['两次密码输入不一致']}}
2019-08-15 19:14:46,792 [Thread-191:4468] [account:55] [views:post] [DEBUG]- 用户注册结果：{'status': 402, 'msg': {'mobile': ['This field is required.'], 'password2': ['This field is required.'], 'mobile_captcha': ['This field is required.'], '__all__': ['两次密码输入不一致']}}
2019-08-15 19:14:46,960 [Thread-192:8092] [account:55] [views:post] [DEBUG]- 用户注册结果：{'status': 402, 'msg': {'mobile': ['This field is required.'], 'password2': ['This field is required.'], 'mobile_captcha': ['This field is required.'], '__all__': ['两次密码输入不一致']}}
2019-08-15 19:15:22,248 [Thread-196:7864] [account:78] [views:post] [DEBUG]- 登录提交验证码:fq57-fQ57
2019-08-15 19:15:22,400 [Thread-196:7864] [account:85] [views:post] [INFO]- oyyj登录成功
2019-08-15 19:27:12,201 [Thread-216:3604] [account:78] [views:post] [DEBUG]- 登录提交验证码:vsbk-vSBK
2019-08-15 19:27:12,315 [Thread-216:3604] [account:85] [views:post] [INFO]- oyyj登录成功
2019-08-15 19:55:22,286 [Thread-260:6028] [account:78] [views:post] [DEBUG]- 登录提交验证码:xmqm-xmqM
2019-08-15 19:55:22,452 [Thread-260:6028] [account:85] [views:post] [INFO]- oyyj登录成功
2019-08-15 20:09:14,940 [Thread-267:2584] [account:78] [views:post] [DEBUG]- 登录提交验证码:3rp5-3rP5
2019-08-15 20:09:15,104 [Thread-267:2584] [account:85] [views:post] [INFO]- oyyj登录成功
2019-08-15 20:27:51,183 [Thread-369:7080] [account:78] [views:post] [DEBUG]- 登录提交验证码:wjd6-Wjd6
2019-08-15 20:27:51,326 [Thread-369:7080] [account:85] [views:post] [INFO]- oyyj登录成功
2019-08-15 20:28:10,735 [Thread-378:1552] [account:78] [views:post] [DEBUG]- 登录提交验证码:cfwr-CfWr
2019-08-15 20:28:10,904 [Thread-378:1552] [account:85] [views:post] [INFO]- oyyj登录成功
2019-08-15 20:34:09,201 [Thread-395:7220] [account:78] [views:post] [DEBUG]- 登录提交验证码:jguq-JGUQ
2019-08-15 20:34:09,411 [Thread-395:7220] [account:85] [views:post] [INFO]- oyyj登录成功
2019-08-15 20:43:03,503 [Thread-462:1972] [account:78] [views:post] [DEBUG]- 登录提交验证码:cmdv-
2019-08-15 20:43:07,759 [Thread-464:7220] [account:78] [views:post] [DEBUG]- 登录提交验证码:7cra-7cRA
2019-08-15 20:43:07,921 [Thread-464:7220] [account:85] [views:post] [INFO]- oyyj登录成功
2019-08-15 20:44:48,213 [Thread-474:2380] [account:78] [views:post] [DEBUG]- 登录提交验证码:rcpn-RCpN
2019-08-15 20:44:48,352 [Thread-474:2380] [account:85] [views:post] [INFO]- oyyj登录成功
2019-08-15 20:53:30,624 [Thread-529:8016] [account:78] [views:post] [DEBUG]- 登录提交验证码:67n9-67n9
2019-08-15 20:53:30,845 [Thread-529:8016] [account:85] [views:post] [INFO]- oyyj登录成功
2019-08-15 21:17:49,378 [Thread-681:7388] [account:78] [views:post] [DEBUG]- 登录提交验证码:qgju-QGjU
2019-08-15 21:17:49,553 [Thread-681:7388] [account:85] [views:post] [INFO]- oyyj登录成功
2019-08-15 21:22:17,908 [Thread-688:3056] [account:78] [views:post] [DEBUG]- 登录提交验证码:wasj-wAsJ
2019-08-15 21:22:18,096 [Thread-688:3056] [account:85] [views:post] [INFO]- oyyj登录成功
2019-08-15 21:42:33,166 [Thread-69:8440] [account:78] [views:post] [DEBUG]- 登录提交验证码:fxyd-FXyD
2019-08-15 21:42:33,502 [Thread-69:8440] [account:85] [views:post] [INFO]- oyyj登录成功
2019-08-15 21:43:55,068 [Thread-87:7500] [account:78] [views:post] [DEBUG]- 登录提交验证码:osfp-QSfP
2019-08-15 21:44:01,164 [Thread-89:8208] [account:78] [views:post] [DEBUG]- 登录提交验证码:jbqy-jBQY
2019-08-15 21:44:01,415 [Thread-89:8208] [account:85] [views:post] [INFO]- oyyj登录成功
2019-08-15 21:47:41,546 [Thread-112:7952] [account:78] [views:post] [DEBUG]- 登录提交验证码:t7gj-t7gj
2019-08-15 21:47:41,774 [Thread-112:7952] [account:85] [views:post] [INFO]- oyyj登录成功
2019-08-15 21:49:30,469 [Thread-131:7660] [account:78] [views:post] [DEBUG]- 登录提交验证码:wcgn-wCgn
2019-08-15 21:49:30,725 [Thread-131:7660] [account:85] [views:post] [INFO]- oyyj登录成功
2019-08-16 09:06:29,126 [Thread-13:6048] [account:78] [views:post] [DEBUG]- 登录提交验证码:ft75-fT75
2019-08-16 09:06:29,275 [Thread-13:6048] [account:85] [views:post] [INFO]- oyyj登录成功
2019-08-16 11:29:56,545 [Thread-37:2164] [account:78] [views:post] [DEBUG]- 登录提交验证码:fgbd-FGbD
2019-08-16 11:29:56,764 [Thread-37:2164] [account:85] [views:post] [INFO]- oyyj登录成功
2019-08-16 13:02:58,484 [Thread-222:6576] [account:78] [views:post] [DEBUG]- 登录提交验证码:rash-RaSh
2019-08-16 13:02:58,839 [Thread-222:6576] [account:85] [views:post] [INFO]- oyyj登录成功
2019-08-16 14:44:09,322 [Thread-243:6148] [account:78] [views:post] [DEBUG]- 登录提交验证码:jtjg-Jtjg
2019-08-16 14:44:09,542 [Thread-243:6148] [account:85] [views:post] [INFO]- oyyj登录成功
2019-08-16 20:23:55,852 [Thread-257:8592] [account:78] [views:post] [DEBUG]- 登录提交验证码:8fpu-8FpU
2019-08-16 20:23:56,008 [Thread-257:8592] [account:85] [views:post] [INFO]- oyyj登录成功
2019-08-16 22:10:50,636 [Thread-270:8596] [account:78] [views:post] [DEBUG]- 登录提交验证码:mqbn-mQBN
2019-08-16 22:10:50,761 [Thread-270:8596] [account:85] [views:post] [INFO]- oyyj登录成功
2019-08-17 10:12:52,106 [Thread-10:6792] [account:78] [views:post] [DEBUG]- 登录提交验证码:kksm-KksM
2019-08-17 10:12:52,270 [Thread-10:6792] [account:85] [views:post] [INFO]- oyyj登录成功
2019-08-17 10:20:33,161 [Thread-18:6424] [account:78] [views:post] [DEBUG]- 登录提交验证码:mkbc-mkBC
2019-08-17 10:20:33,356 [Thread-18:6424] [account:85] [views:post] [INFO]- oyyj登录成功
2019-08-17 10:22:10,697 [Thread-59:6716] [account:78] [views:post] [DEBUG]- 登录提交验证码:fjyx-FjyX
2019-08-17 10:22:10,903 [Thread-59:6716] [account:85] [views:post] [INFO]- oyyj登录成功
2019-08-17 19:17:14,905 [Thread-71:5480] [account:78] [views:post] [DEBUG]- 登录提交验证码:3cav-3CAv
2019-08-17 19:17:15,092 [Thread-71:5480] [account:85] [views:post] [INFO]- oyyj登录成功
2019-08-17 19:19:17,837 [Thread-77:7904] [account:78] [views:post] [DEBUG]- 登录提交验证码:kdqx-KDQx
2019-08-17 19:19:17,956 [Thread-77:7904] [account:85] [views:post] [INFO]- oyyj登录成功
2019-08-17 19:29:38,524 [Thread-86:5480] [account:78] [views:post] [DEBUG]- 登录提交验证码:ptca-ptCa
2019-08-17 19:29:38,696 [Thread-86:5480] [account:85] [views:post] [INFO]- oyyj登录成功
2019-08-17 19:34:27,726 [Thread-97:7744] [account:78] [views:post] [DEBUG]- 登录提交验证码:6qtn-6QtN
2019-08-17 19:34:27,968 [Thread-97:7744] [account:85] [views:post] [INFO]- oyyj登录成功
2019-08-17 19:41:15,330 [Thread-10:6600] [account:78] [views:post] [DEBUG]- 登录提交验证码:gurh-GuRh
2019-08-17 19:41:15,500 [Thread-10:6600] [account:85] [views:post] [INFO]- oyyj登录成功
2019-08-17 19:42:20,530 [Thread-19:7308] [account:78] [views:post] [DEBUG]- 登录提交验证码:afhc-afHc
2019-08-17 19:42:20,653 [Thread-19:7308] [account:85] [views:post] [INFO]- oyyj登录成功
2019-08-17 19:44:24,877 [Thread-32:6048] [account:78] [views:post] [DEBUG]- 登录提交验证码:t3m5-t3m5
2019-08-17 19:44:25,027 [Thread-32:6048] [account:85] [views:post] [INFO]- oyyj登录成功
2019-08-17 19:46:14,142 [Thread-44:7600] [account:78] [views:post] [DEBUG]- 登录提交验证码:47ne-47NE
2019-08-17 19:46:14,357 [Thread-44:7600] [account:85] [views:post] [INFO]- oyyj登录成功
2019-08-17 19:47:00,130 [Thread-59:5672] [account:78] [views:post] [DEBUG]- 登录提交验证码:jk3p-jK3p
2019-08-17 19:47:00,283 [Thread-59:5672] [account:85] [views:post] [INFO]- oyyj登录成功
2019-08-17 19:47:51,201 [Thread-68:7148] [account:78] [views:post] [DEBUG]- 登录提交验证码:jm4a-Jm4A
2019-08-17 19:47:51,367 [Thread-68:7148] [account:85] [views:post] [INFO]- oyyj登录成功
2019-08-17 19:47:57,529 [Thread-74:7596] [account:78] [views:post] [DEBUG]- 登录提交验证码:udvd-udvD
2019-08-17 19:47:57,698 [Thread-74:7596] [account:85] [views:post] [INFO]- oyyj登录成功
2019-08-17 19:48:11,533 [Thread-81:6580] [account:78] [views:post] [DEBUG]- 登录提交验证码:pxcd-PXcd
2019-08-17 19:48:11,692 [Thread-81:6580] [account:85] [views:post] [INFO]- oyyj登录成功
2019-08-17 19:49:05,083 [Thread-90:7292] [account:78] [views:post] [DEBUG]- 登录提交验证码:gwam-GwAm
2019-08-17 19:49:05,257 [Thread-90:7292] [account:85] [views:post] [INFO]- oyyj登录成功
2019-08-17 19:50:02,690 [Thread-100:7088] [account:78] [views:post] [DEBUG]- 登录提交验证码:5wfn-5wfN
2019-08-17 19:50:02,893 [Thread-100:7088] [account:85] [views:post] [INFO]- oyyj登录成功
2019-08-17 19:50:25,592 [Thread-109:6392] [account:78] [views:post] [DEBUG]- 登录提交验证码:vgs8-VgS8
2019-08-17 19:50:25,776 [Thread-109:6392] [account:85] [views:post] [INFO]- oyyj登录成功
2019-08-17 19:51:02,816 [Thread-115:7580] [account:78] [views:post] [DEBUG]- 登录提交验证码:ywvh-yWVh
2019-08-17 19:51:02,991 [Thread-115:7580] [account:85] [views:post] [INFO]- oyyj登录成功
2019-08-17 19:52:55,598 [Thread-128:2336] [account:78] [views:post] [DEBUG]- 登录提交验证码:hjc5-hjc5
2019-08-17 19:52:55,772 [Thread-128:2336] [account:85] [views:post] [INFO]- oyyj登录成功
2019-08-17 20:55:14,711 [Thread-175:8268] [account:78] [views:post] [DEBUG]- 登录提交验证码:sgb8-SgB8
2019-08-17 20:55:14,939 [Thread-175:8268] [account:85] [views:post] [INFO]- oyyj登录成功
2019-08-17 22:10:51,616 [Thread-39:8680] [account:78] [views:post] [DEBUG]- 登录提交验证码:jryc-jRYc
2019-08-17 22:10:51,816 [Thread-39:8680] [account:85] [views:post] [INFO]- oyyj登录成功
2019-08-17 22:27:08,432 [Thread-22:8568] [account:78] [views:post] [DEBUG]- 登录提交验证码:twfk-TWfk
2019-08-17 22:27:08,549 [Thread-22:8568] [account:85] [views:post] [INFO]- oyyj登录成功
2019-08-18 09:29:03,955 [Thread-8:5608] [account:78] [views:post] [DEBUG]- 登录提交验证码:NJWQ-njwq
2019-08-18 09:29:04,334 [Thread-8:5608] [account:85] [views:post] [INFO]- oyyj登录成功
2019-08-18 09:31:43,729 [Thread-15:5320] [account:78] [views:post] [DEBUG]- 登录提交验证码:Q7G3-Q7g3
2019-08-18 09:31:43,876 [Thread-15:5320] [account:85] [views:post] [INFO]- oyyj登录成功
2019-08-18 09:48:36,724 [Thread-57:4724] [account:78] [views:post] [DEBUG]- 登录提交验证码:83us-83us
2019-08-18 09:48:36,908 [Thread-57:4724] [account:85] [views:post] [INFO]- oyyj登录成功
2019-08-18 09:55:14,846 [Thread-73:3060] [account:78] [views:post] [DEBUG]- 登录提交验证码:k8xj-K8Xj
2019-08-18 09:55:15,051 [Thread-73:3060] [account:85] [views:post] [INFO]- oyyj登录成功
2019-08-18 10:02:39,985 [Thread-144:2568] [account:78] [views:post] [DEBUG]- 登录提交验证码:wrx6-wrx6
2019-08-18 10:02:40,192 [Thread-144:2568] [account:85] [views:post] [INFO]- oyyj登录成功
2019-08-18 10:05:58,207 [Thread-167:5832] [account:78] [views:post] [DEBUG]- 登录提交验证码:4cns-4Cns
2019-08-18 10:05:58,440 [Thread-167:5832] [account:85] [views:post] [INFO]- oyyj登录成功
2019-08-18 10:35:20,145 [Thread-715:4176] [account:78] [views:post] [DEBUG]- 登录提交验证码:7wxu-7wXu
2019-08-18 10:35:20,314 [Thread-715:4176] [account:85] [views:post] [INFO]- oyyj登录成功
2019-08-18 10:36:20,421 [Thread-725:2812] [account:78] [views:post] [DEBUG]- 登录提交验证码:skce-skce
2019-08-18 10:36:20,586 [Thread-725:2812] [account:85] [views:post] [INFO]- oyyj登录成功
2019-08-18 10:41:44,231 [Thread-880:7028] [account:78] [views:post] [DEBUG]- 登录提交验证码:hkFm-hkFm
2019-08-18 10:41:44,421 [Thread-880:7028] [account:85] [views:post] [INFO]- oyyj登录成功
2019-08-18 10:42:21,148 [Thread-895:3044] [account:78] [views:post] [DEBUG]- 登录提交验证码:pqhx-PqHX
2019-08-18 10:42:21,344 [Thread-895:3044] [account:85] [views:post] [INFO]- oyyj登录成功
2019-08-18 10:47:42,640 [Thread-918:1212] [account:78] [views:post] [DEBUG]- 登录提交验证码:vx3p-vx3p
2019-08-18 10:47:42,859 [Thread-918:1212] [account:85] [views:post] [INFO]- oyyj登录成功
2019-08-18 10:49:36,403 [Thread-934:6568] [account:78] [views:post] [DEBUG]- 登录提交验证码:58ak-58aK
2019-08-18 10:49:36,614 [Thread-934:6568] [account:85] [views:post] [INFO]- oyyj登录成功
2019-08-18 12:23:51,924 [Thread-1489:6628] [account:78] [views:post] [DEBUG]- 登录提交验证码:8jnr-8Jnr
2019-08-18 12:23:52,133 [Thread-1489:6628] [account:85] [views:post] [INFO]- oyyj登录成功
2019-08-18 12:43:26,726 [Thread-1531:6272] [account:78] [views:post] [DEBUG]- 登录提交验证码:qkaj-qKAj
2019-08-18 12:43:26,865 [Thread-1531:6272] [account:89] [views:post] [ERROR]- oyyj登录失败, 用户名或密码错误
2019-08-18 12:43:35,582 [Thread-1535:5368] [account:78] [views:post] [DEBUG]- 登录提交验证码:xmrw-xmRw
2019-08-18 12:43:35,775 [Thread-1535:5368] [account:85] [views:post] [INFO]- oyyj登录成功
2019-08-18 12:55:28,909 [Thread-1621:6620] [account:78] [views:post] [DEBUG]- 登录提交验证码:msv4-msv4
2019-08-18 12:55:29,065 [Thread-1621:6620] [account:85] [views:post] [INFO]- oyyj登录成功
2019-08-18 13:43:06,885 [Thread-131:7548] [account:78] [views:post] [DEBUG]- 登录提交验证码:eseb-esEB
2019-08-18 13:43:07,020 [Thread-131:7548] [account:85] [views:post] [INFO]- oyyj登录成功
2019-08-18 14:00:01,094 [Thread-168:7820] [account:78] [views:post] [DEBUG]- 登录提交验证码:b8eq-B8eQ
2019-08-18 14:00:01,307 [Thread-168:7820] [account:85] [views:post] [INFO]- oyyj登录成功
2019-08-18 14:04:42,059 [Thread-184:3468] [account:78] [views:post] [DEBUG]- 登录提交验证码:wwte-wWTe
2019-08-18 14:04:42,274 [Thread-184:3468] [account:85] [views:post] [INFO]- oyyj登录成功
2019-08-18 15:02:16,675 [Thread-330:6448] [account:78] [views:post] [DEBUG]- 登录提交验证码:vdcw-vDcW
2019-08-18 15:02:16,863 [Thread-330:6448] [account:85] [views:post] [INFO]- oyyj登录成功
2019-08-18 15:12:42,528 [Thread-424:7772] [account:78] [views:post] [DEBUG]- 登录提交验证码:exud-ExuD
2019-08-18 15:12:42,673 [Thread-424:7772] [account:85] [views:post] [INFO]- oyyj登录成功
2019-08-18 15:40:01,085 [Thread-10:1472] [account:78] [views:post] [DEBUG]- 登录提交验证码:xpqb-xPqb
2019-08-18 15:40:01,189 [Thread-10:1472] [account:89] [views:post] [ERROR]- oyyj登录失败, 用户名或密码错误
2019-08-18 15:40:09,578 [Thread-13:8016] [account:78] [views:post] [DEBUG]- 登录提交验证码:tuhd-tUHd
2019-08-18 15:40:09,663 [Thread-13:8016] [account:89] [views:post] [ERROR]- oyyj登录失败, 用户名或密码错误
2019-08-18 15:40:16,717 [Thread-15:7980] [account:78] [views:post] [DEBUG]- 登录提交验证码:rbu3-rbU3
2019-08-18 15:40:16,884 [Thread-15:7980] [account:85] [views:post] [INFO]- oyyj登录成功
2019-08-18 15:41:18,191 [Thread-31:6832] [account:78] [views:post] [DEBUG]- 登录提交验证码:tpqe-tpqE
2019-08-18 15:41:18,380 [Thread-31:6832] [account:85] [views:post] [INFO]- oyyj登录成功
2019-08-18 16:38:25,913 [Thread-56:5032] [account:78] [views:post] [DEBUG]- 登录提交验证码:srft-srft
2019-08-18 16:38:26,135 [Thread-56:5032] [account:85] [views:post] [INFO]- oyyj登录成功
2019-08-18 16:38:59,945 [Thread-78:6608] [account:78] [views:post] [DEBUG]- 登录提交验证码:dgfs-DgFS
2019-08-18 16:39:00,123 [Thread-78:6608] [account:85] [views:post] [INFO]- oyyj登录成功
2019-08-18 16:45:23,015 [Thread-121:5292] [account:78] [views:post] [DEBUG]- 登录提交验证码:ghsb-gHsb
2019-08-18 16:45:23,221 [Thread-121:5292] [account:85] [views:post] [INFO]- oyyj登录成功
2019-08-18 17:52:15,719 [Thread-11:8036] [account:78] [views:post] [DEBUG]- 登录提交验证码:tu7w-tU7w
2019-08-18 17:52:15,895 [Thread-11:8036] [account:85] [views:post] [INFO]- oyyj登录成功
2019-08-18 20:57:32,555 [Thread-6:8660] [account:78] [views:post] [DEBUG]- 登录提交验证码:ywar-YwAR
2019-08-18 20:57:32,871 [Thread-6:8660] [account:85] [views:post] [INFO]- oyyj登录成功
2019-08-18 21:00:24,188 [Thread-32:7804] [account:78] [views:post] [DEBUG]- 登录提交验证码:xpxy-xPXy
2019-08-18 21:00:24,337 [Thread-32:7804] [account:89] [views:post] [ERROR]- oyyj登录失败, 用户名或密码错误
2019-08-18 21:00:29,302 [Thread-34:6852] [account:78] [views:post] [DEBUG]- 登录提交验证码:ftkx-FTkX
2019-08-18 21:00:29,432 [Thread-34:6852] [account:89] [views:post] [ERROR]- oyyj登录失败, 用户名或密码错误
2019-08-18 21:00:36,131 [Thread-36:7584] [account:78] [views:post] [DEBUG]- 登录提交验证码:r7dc-r7dc
2019-08-18 21:00:36,306 [Thread-36:7584] [account:85] [views:post] [INFO]- oyyj登录成功
2019-08-18 21:00:49,023 [Thread-47:6092] [account:78] [views:post] [DEBUG]- 登录提交验证码:qgtr-QgtR
2019-08-18 21:00:49,147 [Thread-47:6092] [account:89] [views:post] [ERROR]- oyyj登录失败, 用户名或密码错误
2019-08-18 21:00:52,824 [Thread-49:5904] [account:78] [views:post] [DEBUG]- 登录提交验证码:rdgh-rdGh
2019-08-18 21:00:52,975 [Thread-49:5904] [account:89] [views:post] [ERROR]- oyyj登录失败, 用户名或密码错误
2019-08-18 21:00:58,667 [Thread-51:9180] [account:78] [views:post] [DEBUG]- 登录提交验证码:pqjs-pQjS
2019-08-18 21:00:58,857 [Thread-51:9180] [account:85] [views:post] [INFO]- oyyj登录成功
2019-08-18 21:01:21,422 [Thread-59:5344] [account:78] [views:post] [DEBUG]- 登录提交验证码:hkDF-hKDF
2019-08-18 21:01:21,558 [Thread-59:5344] [account:89] [views:post] [ERROR]- oyyj登录失败, 用户名或密码错误
2019-08-18 21:01:27,360 [Thread-61:6268] [account:78] [views:post] [DEBUG]- 登录提交验证码:tadw-tADw
2019-08-18 21:01:27,517 [Thread-61:6268] [account:85] [views:post] [INFO]- oyyj登录成功
2019-08-18 21:02:26,156 [Thread-67:8904] [account:78] [views:post] [DEBUG]- 登录提交验证码:nntk-NnTk
2019-08-18 21:02:26,325 [Thread-67:8904] [account:89] [views:post] [ERROR]- oyyj登录失败, 用户名或密码错误
2019-08-18 21:02:31,944 [Thread-69:8412] [account:78] [views:post] [DEBUG]- 登录提交验证码:hsbm-hSBm
2019-08-18 21:02:32,095 [Thread-69:8412] [account:85] [views:post] [INFO]- oyyj登录成功
2019-08-18 21:03:44,839 [Thread-94:8120] [account:78] [views:post] [DEBUG]- 登录提交验证码:ukcd-UkCd
2019-08-18 21:03:44,959 [Thread-94:8120] [account:89] [views:post] [ERROR]- oyyj登录失败, 用户名或密码错误
2019-08-18 21:03:51,534 [Thread-96:8932] [account:78] [views:post] [DEBUG]- 登录提交验证码:wbm5-wbm5
2019-08-18 21:03:51,752 [Thread-96:8932] [account:85] [views:post] [INFO]- oyyj登录成功
2019-08-18 21:34:53,610 [Thread-160:7448] [account:78] [views:post] [DEBUG]- 登录提交验证码:kj6a-kj6a
2019-08-18 21:34:53,761 [Thread-160:7448] [account:89] [views:post] [ERROR]- oyyj登录失败, 用户名或密码错误
2019-08-18 21:35:01,491 [Thread-163:8984] [account:78] [views:post] [DEBUG]- 登录提交验证码:kuuy-kuUy
2019-08-18 21:35:01,653 [Thread-163:8984] [account:85] [views:post] [INFO]- oyyj登录成功
2019-08-18 21:36:18,812 [Thread-193:3820] [account:78] [views:post] [DEBUG]- 登录提交验证码:cwrx-cwrx
2019-08-18 21:36:18,989 [Thread-193:3820] [account:89] [views:post] [ERROR]- oyyj登录失败, 用户名或密码错误
2019-08-18 21:38:39,183 [Thread-202:6300] [account:78] [views:post] [DEBUG]- 登录提交验证码:wevw-WeVw
2019-08-18 21:38:39,348 [Thread-202:6300] [account:85] [views:post] [INFO]- oyyj登录成功
2019-08-19 09:12:43,263 [Thread-29:1992] [account:78] [views:post] [DEBUG]- 登录提交验证码:j694-j694
2019-08-19 09:12:43,480 [Thread-29:1992] [account:85] [views:post] [INFO]- oyyj登录成功
2019-08-19 12:41:11,160 [Thread-80:7268] [account:78] [views:post] [DEBUG]- 登录提交验证码:frhd-FRhD
2019-08-19 12:41:11,361 [Thread-80:7268] [account:85] [views:post] [INFO]- hu登录成功
2019-08-19 13:07:28,645 [Thread-211:7404] [account:78] [views:post] [DEBUG]- 登录提交验证码:rkjp-rKjp
2019-08-19 13:07:28,862 [Thread-211:7404] [account:85] [views:post] [INFO]- hu登录成功
2019-08-19 13:09:38,200 [Thread-237:7228] [account:78] [views:post] [DEBUG]- 登录提交验证码:nanw-naNW
2019-08-19 13:09:38,414 [Thread-237:7228] [account:85] [views:post] [INFO]- hu登录成功
2019-08-19 21:04:36,536 [Thread-9:8916] [account:78] [views:post] [DEBUG]- 登录提交验证码:tu7w-Tu7w
2019-08-19 21:04:36,789 [Thread-9:8916] [account:85] [views:post] [INFO]- hu登录成功
2019-08-19 21:06:21,979 [Thread-55:9396] [account:78] [views:post] [DEBUG]- 登录提交验证码:fuqm-fUqm
2019-08-19 21:06:22,099 [Thread-55:9396] [account:89] [views:post] [ERROR]- oyyj登录失败, 用户名或密码错误
2019-08-19 21:06:29,885 [Thread-57:7908] [account:78] [views:post] [DEBUG]- 登录提交验证码:hauv-hauV
2019-08-19 21:06:30,059 [Thread-57:7908] [account:89] [views:post] [ERROR]- oyyj登录失败, 用户名或密码错误
2019-08-19 21:06:38,431 [Thread-59:9736] [account:78] [views:post] [DEBUG]- 登录提交验证码:q8nu-Q8NU
2019-08-19 21:06:38,667 [Thread-59:9736] [account:85] [views:post] [INFO]- oyyj登录成功
2019-08-20 09:13:09,376 [Thread-36:2916] [account:78] [views:post] [DEBUG]- 登录提交验证码:ujhx-ujHx
2019-08-20 09:13:09,496 [Thread-36:2916] [account:89] [views:post] [ERROR]- oyyj登录失败, 用户名或密码错误
2019-08-20 09:13:17,986 [Thread-38:4880] [account:78] [views:post] [DEBUG]- 登录提交验证码:gjpp-gjpP
2019-08-20 09:13:18,067 [Thread-38:4880] [account:89] [views:post] [ERROR]- oyyj登录失败, 用户名或密码错误
2019-08-20 09:13:24,620 [Thread-40:1600] [account:78] [views:post] [DEBUG]- 登录提交验证码:anvv-ANyV
2019-08-20 09:15:07,504 [Thread-53:1572] [account:78] [views:post] [DEBUG]- 登录提交验证码:axbc-AXBc
2019-08-20 09:15:07,642 [Thread-53:1572] [account:85] [views:post] [INFO]- oyyj登录成功
2019-08-20 10:57:38,281 [Thread-40:3444] [account:78] [views:post] [DEBUG]- 登录提交验证码:pv6r-pv6R
2019-08-20 10:57:38,421 [Thread-40:3444] [account:85] [views:post] [INFO]- hu登录成功
2019-08-20 11:31:52,641 [Thread-66:6524] [account:78] [views:post] [DEBUG]- 登录提交验证码:qxrd-QXrD
2019-08-20 11:31:52,796 [Thread-66:6524] [account:85] [views:post] [INFO]- oyyj登录成功
2019-08-20 15:39:06,166 [Thread-8:9152] [account:78] [views:post] [DEBUG]- 登录提交验证码:87k6-B7K6
2019-08-20 15:39:11,557 [Thread-11:7344] [account:78] [views:post] [DEBUG]- 登录提交验证码:bjwt-BJWT
2019-08-20 15:39:11,718 [Thread-11:7344] [account:85] [views:post] [INFO]- hu登录成功
2019-08-20 15:39:30,060 [Thread-20:7968] [account:78] [views:post] [DEBUG]- 登录提交验证码:q8nu-q8kv
2019-08-20 15:39:35,400 [Thread-22:2600] [account:78] [views:post] [DEBUG]- 登录提交验证码:3uhc-3UHC
2019-08-20 15:39:35,514 [Thread-22:2600] [account:89] [views:post] [ERROR]- oyyj登录失败, 用户名或密码错误
2019-08-20 15:39:44,056 [Thread-24:7636] [account:78] [views:post] [DEBUG]- 登录提交验证码:mmsu-Mmsu
2019-08-20 15:39:44,210 [Thread-24:7636] [account:85] [views:post] [INFO]- oyyj登录成功
2019-08-20 15:40:30,235 [Thread-35:8068] [account:78] [views:post] [DEBUG]- 登录提交验证码:r4kh-R4kx
2019-08-20 15:40:38,734 [Thread-38:7628] [account:78] [views:post] [DEBUG]- 登录提交验证码:5uhn-SUhn
2019-08-20 15:40:44,326 [Thread-40:9288] [account:78] [views:post] [DEBUG]- 登录提交验证码:fxh6-fxH6
2019-08-20 15:40:44,407 [Thread-40:9288] [account:89] [views:post] [ERROR]- liaoying登录失败, 用户名或密码错误
2019-08-20 15:40:51,324 [Thread-42:9504] [account:78] [views:post] [DEBUG]- 登录提交验证码:bwep-Bwep
2019-08-20 15:40:51,442 [Thread-42:9504] [account:85] [views:post] [INFO]- liaoying登录成功
2019-08-20 15:41:26,444 [Thread-58:9892] [account:78] [views:post] [DEBUG]- 登录提交验证码:4tgn-4Tgn
2019-08-20 15:41:26,634 [Thread-58:9892] [account:85] [views:post] [INFO]- hu登录成功
2019-08-20 16:01:35,567 [Thread-72:9648] [account:78] [views:post] [DEBUG]- 登录提交验证码:gdmy-gDMY
2019-08-20 16:01:35,683 [Thread-72:9648] [account:85] [views:post] [INFO]- hu登录成功
2019-08-20 16:23:51,232 [Thread-68:9056] [account:78] [views:post] [DEBUG]- 登录提交验证码:rv97-rV97
2019-08-20 16:23:51,397 [Thread-68:9056] [account:85] [views:post] [INFO]- hu登录成功
2019-08-20 18:11:32,232 [Thread-782:8420] [account:78] [views:post] [DEBUG]- 登录提交验证码:v7yp-v7yP
2019-08-20 18:11:32,360 [Thread-782:8420] [account:85] [views:post] [INFO]- hu登录成功
2019-08-20 18:15:59,475 [Thread-39:5444] [account:78] [views:post] [DEBUG]- 登录提交验证码:xp3w-XP3w
2019-08-20 18:15:59,629 [Thread-39:5444] [account:85] [views:post] [INFO]- hu登录成功
2019-08-20 20:35:10,459 [Thread-56:10476] [account:78] [views:post] [DEBUG]- 登录提交验证码:mjhb-mjHB
2019-08-20 20:35:10,609 [Thread-56:10476] [account:85] [views:post] [INFO]- hu登录成功
2019-08-20 20:53:06,251 [Thread-349:11228] [account:78] [views:post] [DEBUG]- 登录提交验证码:ans4-aNs4
2019-08-20 20:53:06,455 [Thread-349:11228] [account:85] [views:post] [INFO]- chenhui登录成功
2019-08-20 20:54:01,124 [Thread-355:3640] [account:78] [views:post] [DEBUG]- 登录提交验证码:u6cx-U6CX
2019-08-20 20:54:01,304 [Thread-355:3640] [account:85] [views:post] [INFO]- chenhui登录成功
2019-08-20 20:58:09,798 [Thread-427:10528] [account:78] [views:post] [DEBUG]- 登录提交验证码:qunw-quNw
2019-08-20 20:58:09,972 [Thread-427:10528] [account:85] [views:post] [INFO]- chenhui登录成功
2019-08-20 21:09:16,248 [Thread-525:6904] [account:78] [views:post] [DEBUG]- 登录提交验证码:xemp-Xemp
2019-08-20 21:09:16,430 [Thread-525:6904] [account:85] [views:post] [INFO]- hu登录成功
2019-08-20 21:11:41,092 [Thread-542:5784] [account:78] [views:post] [DEBUG]- 登录提交验证码:p9xt-P9XT
2019-08-20 21:11:41,345 [Thread-542:5784] [account:85] [views:post] [INFO]- chenhui登录成功
2019-08-20 21:13:18,473 [Thread-559:8028] [account:78] [views:post] [DEBUG]- 登录提交验证码:dgsn-dgsN
2019-08-20 21:13:18,680 [Thread-559:8028] [account:85] [views:post] [INFO]- hu登录成功
2019-08-20 21:14:19,657 [Thread-567:7032] [account:78] [views:post] [DEBUG]- 登录提交验证码:jbtd-jbTd
2019-08-20 21:14:19,882 [Thread-567:7032] [account:85] [views:post] [INFO]- chenhui登录成功
2019-08-20 21:57:58,743 [Thread-130:7264] [account:78] [views:post] [DEBUG]- 登录提交验证码:tcnp-tCNP
2019-08-20 21:57:58,975 [Thread-130:7264] [account:85] [views:post] [INFO]- hu登录成功
2019-08-21 09:05:34,219 [Thread-6:3684] [account:78] [views:post] [DEBUG]- 登录提交验证码:5tnq-5tnQ
2019-08-21 09:05:34,344 [Thread-6:3684] [account:85] [views:post] [INFO]- hu登录成功
2019-08-21 13:44:59,289 [Thread-14:6656] [account:78] [views:post] [DEBUG]- 登录提交验证码:bcx4-bCx4
2019-08-21 13:44:59,442 [Thread-14:6656] [account:85] [views:post] [INFO]- hu登录成功
2019-08-21 14:16:38,520 [Thread-56:3500] [account:78] [views:post] [DEBUG]- 登录提交验证码:grca-GrCa
2019-08-21 14:16:38,656 [Thread-56:3500] [account:85] [views:post] [INFO]- chenhui登录成功
2019-08-21 14:18:58,249 [Thread-91:268] [account:78] [views:post] [DEBUG]- 登录提交验证码:sj43-sj43
2019-08-21 14:18:58,403 [Thread-91:268] [account:85] [views:post] [INFO]- hu登录成功
2019-08-21 14:57:19,335 [Thread-410:7976] [account:78] [views:post] [DEBUG]- 登录提交验证码:jgmn-jGMN
2019-08-21 14:57:19,429 [Thread-410:7976] [account:89] [views:post] [ERROR]- oyyj登录失败, 用户名或密码错误
2019-08-21 14:57:24,725 [Thread-412:4596] [account:78] [views:post] [DEBUG]- 登录提交验证码:jxua-jxua
2019-08-21 14:57:24,939 [Thread-412:4596] [account:85] [views:post] [INFO]- oyyj登录成功
2019-08-21 16:37:04,737 [Thread-553:3180] [account:78] [views:post] [DEBUG]- 登录提交验证码:8ixf-8fXF
2019-08-21 16:37:13,867 [Thread-556:7828] [account:78] [views:post] [DEBUG]- 登录提交验证码:bdvr-bdvr
2019-08-21 16:37:14,041 [Thread-556:7828] [account:85] [views:post] [INFO]- hu登录成功
2019-08-21 19:26:01,742 [Thread-663:8532] [account:78] [views:post] [DEBUG]- 登录提交验证码:fysc-FYsC
2019-08-21 19:26:01,944 [Thread-663:8532] [account:85] [views:post] [INFO]- hu登录成功
2019-08-21 19:53:23,394 [Thread-18:3464] [account:78] [views:post] [DEBUG]- 登录提交验证码:vbec-v9eC
2019-08-21 19:53:29,320 [Thread-20:8784] [account:78] [views:post] [DEBUG]- 登录提交验证码:j8eu-j8eU
2019-08-21 19:53:29,517 [Thread-20:8784] [account:85] [views:post] [INFO]- chenhui登录成功
2019-08-22 11:21:26,486 [Thread-37:8024] [account:78] [views:post] [DEBUG]- 登录提交验证码:tgke-TGke
2019-08-22 11:21:26,656 [Thread-37:8024] [account:85] [views:post] [INFO]- chenhui登录成功
2019-08-22 11:29:50,473 [Thread-74:6824] [account:78] [views:post] [DEBUG]- 登录提交验证码:ywn3-Ywn3
2019-08-22 11:29:50,686 [Thread-74:6824] [account:85] [views:post] [INFO]- hu登录成功
2019-08-24 14:38:22,089 [Thread-8:7988] [account:78] [views:post] [DEBUG]- 登录提交验证码:4wmp-4WmP
2019-08-24 14:38:22,247 [Thread-8:7988] [account:85] [views:post] [INFO]- hu登录成功
2019-08-24 15:52:39,885 [Thread-58:2716] [account:78] [views:post] [DEBUG]- 登录提交验证码:c84t-C84T
2019-08-24 15:52:40,014 [Thread-58:2716] [account:85] [views:post] [INFO]- hu登录成功
2019-08-24 17:04:57,431 [Thread-84:7992] [account:78] [views:post] [DEBUG]- 登录提交验证码:hdtj-hDTJ
2019-08-24 17:04:57,556 [Thread-84:7992] [account:85] [views:post] [INFO]- hu登录成功
2019-08-25 21:59:30,116 [Thread-170:7528] [account:78] [views:post] [DEBUG]- 登录提交验证码:brku-bRku
2019-08-25 21:59:30,225 [Thread-170:7528] [account:85] [views:post] [INFO]- chenhui登录成功
2019-08-26 19:29:14,239 [Thread-13:6984] [account:78] [views:post] [DEBUG]- 登录提交验证码:amvy-AMvY
2019-08-26 19:29:14,393 [Thread-13:6984] [account:85] [views:post] [INFO]- hu登录成功
2019-08-29 10:20:23,860 [Thread-11:6108] [account:78] [views:post] [DEBUG]- 登录提交验证码:ykaj-YkaJ
2019-08-29 10:20:24,111 [Thread-11:6108] [account:85] [views:post] [INFO]- hu登录成功
